#
# There is insufficient memory for the Java Runtime Environment to continue.
# Native memory allocation (mmap) failed to map 132120576 bytes for Failed to commit area from 0x0000000083000000 to 0x000000008ae00000 of length 132120576.
# Possible reasons:
#   The system is out of physical RAM or swap space
#   The process is running with CompressedOops enabled, and the Java Heap may be blocking the growth of the native heap
# Possible solutions:
#   Reduce memory load on the system
#   Increase physical memory or swap space
#   Check if swap backing store is full
#   Decrease Java heap size (-Xmx/-Xms)
#   Decrease number of Java threads
#   Decrease Java thread stack sizes (-Xss)
#   Set larger code cache with -XX:ReservedCodeCacheSize=
# This output file may be truncated or incomplete.
#
#  Out of Memory Error (./src/hotspot/os/windows/os_windows.cpp:3301), pid=144268, tid=147492
#
# JRE version:  (11.0.11+9) (build )
# Java VM: OpenJDK 64-Bit Server VM (11.0.11+9-b60-7590822, mixed mode, sharing, tiered, compressed oops, g1 gc, windows-amd64)
# No core dump will be written. Minidumps are not enabled by default on client versions of Windows
#

---------------  S U M M A R Y ------------

Command Line: org.jetbrains.kotlin.cli.jvm.K2JVMCompiler @C:\ProjectsReworks\AlcoholShop\app\build\20220601_17662642403826030577.compiler.options

Host: Intel(R) Core(TM) i5-1035G1 CPU @ 1.00GHz, 8 cores, 7G,  Windows 10 , 64 bit Build 22000 (10.0.22000.675)
Time: Wed Jun  1 21:51:51 2022 Беларусь (зима) elapsed time: 0.013936 seconds (0d 0h 0m 0s)

---------------  T H R E A D  ---------------

Current thread (0x0000023ab151e000):  JavaThread "Unknown thread" [_thread_in_vm, id=147492, stack(0x0000009bc2700000,0x0000009bc2800000)]

Stack: [0x0000009bc2700000,0x0000009bc2800000]
Native frames: (J=compiled Java code, j=interpreted, Vv=VM code, C=native code)
V  [jvm.dll+0x5f214a]
V  [jvm.dll+0x726fb5]
V  [jvm.dll+0x7285cd]
V  [jvm.dll+0x728c83]
V  [jvm.dll+0x243278]
V  [jvm.dll+0x5ef544]
V  [jvm.dll+0x5e4495]
V  [jvm.dll+0x2fec5b]
V  [jvm.dll+0x2febca]
V  [jvm.dll+0x2feaa2]
V  [jvm.dll+0x303986]
V  [jvm.dll+0x34c3a3]
V  [jvm.dll+0x34caa6]
V  [jvm.dll+0x34c4a3]
V  [jvm.dll+0x2d9688]
V  [jvm.dll+0x2da837]
V  [jvm.dll+0x705ba7]
V  [jvm.dll+0x70739c]
V  [jvm.dll+0x3598f9]
V  [jvm.dll+0x6e931e]
V  [jvm.dll+0x3c1c43]
V  [jvm.dll+0x3c3e81]
C  [jli.dll+0x5373]
C  [ucrtbase.dll+0x26c0c]
C  [KERNEL32.DLL+0x154e0]
C  [ntdll.dll+0x485b]


---------------  P R O C E S S  ---------------

Threads class SMR info:
_java_thread_list=0x0000023aaf284030, length=0, elements={
}

Java Threads: ( => current thread )

Other Threads:
  0x0000023ab1536000 GCTaskThread "GC Thread#0" [stack: 0x0000009bc2800000,0x0000009bc2900000] [id=150496]
  0x0000023ab1566000 ConcurrentGCThread "G1 Main Marker" [stack: 0x0000009bc2900000,0x0000009bc2a00000] [id=138924]
  0x0000023ab1568800 ConcurrentGCThread "G1 Conc#0" [stack: 0x0000009bc2a00000,0x0000009bc2b00000] [id=149392]

[error occurred during error reporting (printing all threads), id 0xc0000005, EXCEPTION_ACCESS_VIOLATION (0xc0000005) at pc=0x00007ffadec49c47]

VM state:not at safepoint (not fully initialized)

VM Mutex/Monitor currently owned by a thread:  ([mutex/lock_event])
[0x0000023ab151b020] Heap_lock - owner thread: 0x0000023ab151e000

Heap address: 0x0000000083000000, size: 2000 MB, Compressed Oops mode: Non-zero based: 0x0000000083000000
Narrow klass base: 0x0000000000000000, Narrow klass shift: 0

GC Heap History (0 events):
No events

Deoptimization events (0 events):
No events

Classes redefined (0 events):
No events

Internal exceptions (0 events):
No events

Events (1 events):
Event: 0.007 Loaded shared library C:\AndroidStudio\jre\bin\zip.dll


Dynamic libraries:
0x00007ff66a440000 - 0x00007ff66a44a000 	C:\AndroidStudio\jre\bin\java.exe
0x00007ffb48d60000 - 0x00007ffb48f69000 	C:\WINDOWS\SYSTEM32\ntdll.dll
0x00007ffb46ef0000 - 0x00007ffb46fad000 	C:\WINDOWS\System32\KERNEL32.DLL
0x00007ffb464e0000 - 0x00007ffb46859000 	C:\WINDOWS\System32\KERNELBASE.dll
0x00007ffb46250000 - 0x00007ffb46361000 	C:\WINDOWS\System32\ucrtbase.dll
0x00007ffb35d50000 - 0x00007ffb35d69000 	C:\AndroidStudio\jre\bin\jli.dll
0x00007ffb32080000 - 0x00007ffb32097000 	C:\AndroidStudio\jre\bin\VCRUNTIME140.dll
0x00007ffb48510000 - 0x00007ffb486bc000 	C:\WINDOWS\System32\USER32.dll
0x00007ffb46370000 - 0x00007ffb46396000 	C:\WINDOWS\System32\win32u.dll
0x00007ffb300f0000 - 0x00007ffb30395000 	C:\WINDOWS\WinSxS\amd64_microsoft.windows.common-controls_6595b64144ccf1df_6.0.22000.120_none_9d947278b86cc467\COMCTL32.dll
0x00007ffb47550000 - 0x00007ffb47579000 	C:\WINDOWS\System32\GDI32.dll
0x00007ffb46d50000 - 0x00007ffb46df3000 	C:\WINDOWS\System32\msvcrt.dll
0x00007ffb46860000 - 0x00007ffb46972000 	C:\WINDOWS\System32\gdi32full.dll
0x00007ffb469f0000 - 0x00007ffb46a8d000 	C:\WINDOWS\System32\msvcp_win.dll
0x00007ffb46d10000 - 0x00007ffb46d41000 	C:\WINDOWS\System32\IMM32.DLL
0x00007ffb0ab10000 - 0x00007ffb0abad000 	C:\AndroidStudio\jre\bin\msvcp140.dll
0x00007ffade960000 - 0x00007ffadf435000 	C:\AndroidStudio\jre\bin\server\jvm.dll
0x00007ffb47610000 - 0x00007ffb476be000 	C:\WINDOWS\System32\ADVAPI32.dll
0x00007ffb46c00000 - 0x00007ffb46c9e000 	C:\WINDOWS\System32\sechost.dll
0x00007ffb47760000 - 0x00007ffb47880000 	C:\WINDOWS\System32\RPCRT4.dll
0x00007ffb47590000 - 0x00007ffb47598000 	C:\WINDOWS\System32\PSAPI.DLL
0x00007ffb41160000 - 0x00007ffb41193000 	C:\WINDOWS\SYSTEM32\WINMM.dll
0x00007ffb3e860000 - 0x00007ffb3e86a000 	C:\WINDOWS\SYSTEM32\VERSION.dll
0x00007ffb427c0000 - 0x00007ffb427c9000 	C:\WINDOWS\SYSTEM32\WSOCK32.dll
0x00007ffb475a0000 - 0x00007ffb4760f000 	C:\WINDOWS\System32\WS2_32.dll
0x00007ffb45440000 - 0x00007ffb45458000 	C:\WINDOWS\SYSTEM32\kernel.appcore.dll
0x00007ffb1e330000 - 0x00007ffb1e341000 	C:\AndroidStudio\jre\bin\verify.dll
0x00007ffb43da0000 - 0x00007ffb43fc1000 	C:\WINDOWS\SYSTEM32\DBGHELP.DLL
0x00007ffb27910000 - 0x00007ffb27941000 	C:\WINDOWS\SYSTEM32\dbgcore.DLL
0x00007ffb463a0000 - 0x00007ffb4641f000 	C:\WINDOWS\System32\bcryptPrimitives.dll
0x00007ffb1b150000 - 0x00007ffb1b179000 	C:\AndroidStudio\jre\bin\java.dll
0x00007ffb34830000 - 0x00007ffb3483b000 	C:\AndroidStudio\jre\bin\jimage.dll
0x00007ffb12b50000 - 0x00007ffb12b68000 	C:\AndroidStudio\jre\bin\zip.dll

dbghelp: loaded successfully - version: 4.0.5 - missing functions: none
symbol engine: initialized successfully - sym options: 0x614 - pdb path: .;C:\AndroidStudio\jre\bin;C:\WINDOWS\SYSTEM32;C:\WINDOWS\WinSxS\amd64_microsoft.windows.common-controls_6595b64144ccf1df_6.0.22000.120_none_9d947278b86cc467;C:\AndroidStudio\jre\bin\server

VM Arguments:
java_command: org.jetbrains.kotlin.cli.jvm.K2JVMCompiler @C:\ProjectsReworks\AlcoholShop\app\build\20220601_17662642403826030577.compiler.options
java_class_path (initial): C:\Users\Аркадий\.gradle\caches\modules-2\files-2.1\org.jetbrains.kotlin\kotlin-compiler-embeddable\1.6.21\97bdd5a752ce73b58ef16c17bc7f0ea2faff7a2e\kotlin-compiler-embeddable-1.6.21.jar;C:\Users\Аркадий\.gradle\caches\modules-2\files-2.1\org.jetbrains.kotlin\kotlin-reflect\1.6.21\5dc3574d9b7bebfcb4ec6b10ada4aaa9e140bd0b\kotlin-reflect-1.6.21.jar;C:\Users\Аркадий\.gradle\caches\modules-2\files-2.1\org.jetbrains.kotlin\kotlin-stdlib\1.6.21\11ef67f1900634fd951bad28c53ec957fabbe5b8\kotlin-stdlib-1.6.21.jar;C:\Users\Аркадий\.gradle\caches\modules-2\files-2.1\org.jetbrains.kotlin\kotlin-script-runtime\1.6.21\99c6675100da5d6d5b1c5a1032f27f28008d101b\kotlin-script-runtime-1.6.21.jar;C:\Users\Аркадий\.gradle\caches\modules-2\files-2.1\org.jetbrains.kotlin\kotlin-daemon-embeddable\1.6.21\46b78cf392e1c4f10854c3cadba44abb7b82250f\kotlin-daemon-embeddable-1.6.21.jar;C:\Users\Аркадий\.gradle\caches\modules-2\files-2.1\org.jetbrains.intellij.deps\trove4j\1.0.20200330\3afb14d5f9ceb459d724e907a21145e8ff394f02\trove4j-1.0.20200330.jar;C:\Users\Аркадий\.gradle\caches\modules-2\files-2.1\net.java.dev.jna\jna\5.6.0\330f2244e9030119ab3030fc3fededc86713d9cc\jna-5.6.0.jar;C:\Users\Аркадий\.gradle\caches\modules-2\files-2.1\org.jetbrains.kotlin\kotlin-stdlib-common\1.6.21\5e5b55c26dbc80372a920aef60eb774b714559b8\kotlin-stdlib-common-1.6.21.jar;C:\Users\Аркадий\.gradle\caches\modules-2\files-2.1\org.jetbrains\annotations\13.0\919f0dfe192fb4e063e7dacadee7f8bb9a2672a9\annotations-13.0.jar
Launcher Type: SUN_STANDARD

[Global flags]
     intx CICompilerCount                          = 4                                         {product} {ergonomic}
     uint ConcGCThreads                            = 2                                         {product} {ergonomic}
     uint G1ConcRefinementThreads                  = 8                                         {product} {ergonomic}
   size_t G1HeapRegionSize                         = 1048576                                   {product} {ergonomic}
    uintx GCDrainStackTargetSize                   = 64                                        {product} {ergonomic}
   size_t InitialHeapSize                          = 132120576                                 {product} {ergonomic}
   size_t MarkStackSize                            = 4194304                                   {product} {ergonomic}
   size_t MaxHeapSize                              = 2097152000                                {product} {ergonomic}
   size_t MinHeapDeltaBytes                        = 1048576                                   {product} {ergonomic}
    uintx NonNMethodCodeHeapSize                   = 5836300                                {pd product} {ergonomic}
    uintx NonProfiledCodeHeapSize                  = 122910970                              {pd product} {ergonomic}
    uintx ProfiledCodeHeapSize                     = 122910970                              {pd product} {ergonomic}
    uintx ReservedCodeCacheSize                    = 251658240                              {pd product} {ergonomic}
     bool SegmentedCodeCache                       = true                                      {product} {ergonomic}
     bool UseCompressedClassPointers               = true                                 {lp64_product} {ergonomic}
     bool UseCompressedOops                        = true                                 {lp64_product} {ergonomic}
     bool UseG1GC                                  = true                                      {product} {ergonomic}
     bool UseLargePagesIndividualAllocation        = false                                  {pd product} {ergonomic}

Logging:
Log output configuration:
 #0: stdout all=warning uptime,level,tags
 #1: stderr all=off uptime,level,tags

Environment Variables:
PATH=C:\Program Files (x86)\Common Files\Oracle\Java\javapath;C:\Windows\system32;C:\Windows;C:\Windows\System32\Wbem;C:\Windows\System32\WindowsPowerShell\v1.0\;C:\Windows\System32\OpenSSH\;C:\Program Files (x86)\NVIDIA Corporation\PhysX\Common;C:\Program Files\NVIDIA Corporation\NVIDIA NvDLISR;C:\WINDOWS\system32;C:\WINDOWS;C:\WINDOWS\System32\Wbem;C:\WINDOWS\System32\WindowsPowerShell\v1.0\;C:\WINDOWS\System32\OpenSSH\;C:\Program Files\Git\cmd;C:\Users\Аркадий\AppData\Local\Microsoft\WindowsApps;
USERNAME=Аркадий
OS=Windows_NT
PROCESSOR_IDENTIFIER=Intel64 Family 6 Model 126 Stepping 5, GenuineIntel



---------------  S Y S T E M  ---------------

OS: Windows 10 , 64 bit Build 22000 (10.0.22000.675)
OS uptime: 20 days 2:48 hours

CPU:total 8 (initial active 8) (4 cores per cpu, 2 threads per core) family 6 model 126 stepping 5 microcode 0xa6, cmov, cx8, fxsr, mmx, sse, sse2, sse3, ssse3, sse4.1, sse4.2, popcnt, avx, avx2, aes, clmul, erms, 3dnowpref, lzcnt, ht, tsc, tscinvbit, bmi1, bmi2, adx, evex, sha, fma

Memory: 4k page, system-wide physical 7997M (294M free)
TotalPageFile size 32573M (AvailPageFile size 80M)
current process WorkingSet (physical memory assigned to process): 10M, peak: 10M
current process commit charge ("private bytes"): 60M, peak: 185M

vm_info: OpenJDK 64-Bit Server VM (11.0.11+9-b60-7590822) for windows-amd64 JRE (11.0.11+9-b60-7590822), built on Jul 29 2021 21:43:44 by "builder" with MS VC++ 14.0 (VS2015)

END.
