#
# There is insufficient memory for the Java Runtime Environment to continue.
# Native memory allocation (malloc) failed to allocate 681536 bytes for Chunk::new
# Possible reasons:
#   The system is out of physical RAM or swap space
#   The process is running with CompressedOops enabled, and the Java Heap may be blocking the growth of the native heap
# Possible solutions:
#   Reduce memory load on the system
#   Increase physical memory or swap space
#   Check if swap backing store is full
#   Decrease Java heap size (-Xmx/-Xms)
#   Decrease number of Java threads
#   Decrease Java thread stack sizes (-Xss)
#   Set larger code cache with -XX:ReservedCodeCacheSize=
#   JVM is running with Unscaled Compressed Oops mode in which the Java heap is
#     placed in the first 4GB address space. The Java Heap base address is the
#     maximum limit for the native heap growth. Please use -XX:HeapBaseMinAddress
#     to set the Java Heap base and to place the Java Heap above 4GB virtual address.
# This output file may be truncated or incomplete.
#
#  Out of Memory Error (./src/hotspot/share/memory/arena.cpp:197), pid=120448, tid=151944
#
# JRE version: OpenJDK Runtime Environment (11.0.11+9) (build 11.0.11+9-b60-7590822)
# Java VM: OpenJDK 64-Bit Server VM (11.0.11+9-b60-7590822, mixed mode, tiered, compressed oops, g1 gc, windows-amd64)
# No core dump will be written. Minidumps are not enabled by default on client versions of Windows
#

---------------  S U M M A R Y ------------

Command Line: org.jetbrains.kotlin.cli.jvm.K2JVMCompiler @C:\ProjectsReworks\AlcoholShop\app\build\20220601_15600548567584990651.compiler.options

Host: Intel(R) Core(TM) i5-1035G1 CPU @ 1.00GHz, 8 cores, 7G,  Windows 10 , 64 bit Build 22000 (10.0.22000.675)
Time: Wed Jun  1 21:47:46 2022 Беларусь (зима) elapsed time: 3.181716 seconds (0d 0h 0m 3s)

---------------  T H R E A D  ---------------

Current thread (0x00000210cdff3000):  JavaThread "C2 CompilerThread0" daemon [_thread_in_native, id=151944, stack(0x000000c2cc400000,0x000000c2cc500000)]


Current CompileTask:
C2:   3181 2487   !   4       java.net.URL::<init> (543 bytes)

Stack: [0x000000c2cc400000,0x000000c2cc500000]
Native frames: (J=compiled Java code, j=interpreted, Vv=VM code, C=native code)
V  [jvm.dll+0x5f214a]
V  [jvm.dll+0x726fb5]
V  [jvm.dll+0x7285cd]
V  [jvm.dll+0x728c83]
V  [jvm.dll+0x243278]
V  [jvm.dll+0xbc53c]
V  [jvm.dll+0xbca3c]
V  [jvm.dll+0x2b5c34]
V  [jvm.dll+0x508488]
V  [jvm.dll+0x203d53]
V  [jvm.dll+0x1fdbac]
V  [jvm.dll+0x1fb35f]
V  [jvm.dll+0x183d6c]
V  [jvm.dll+0x209a57]
V  [jvm.dll+0x2082a1]
V  [jvm.dll+0x6ef58f]
V  [jvm.dll+0x6e80b5]
V  [jvm.dll+0x5f1036]
C  [ucrtbase.dll+0x26c0c]
C  [KERNEL32.DLL+0x154e0]
C  [ntdll.dll+0x485b]


---------------  P R O C E S S  ---------------

Threads class SMR info:
_java_thread_list=0x00000210d119ff90, length=10, elements={
0x00000210b13de000, 0x00000210cd649000, 0x00000210cd652800, 0x00000210cdfe8000,
0x00000210cdfec800, 0x00000210cdfed800, 0x00000210cdff3000, 0x00000210cd663000,
0x00000210cd666800, 0x00000210ce156000
}

Java Threads: ( => current thread )
  0x00000210b13de000 JavaThread "main" [_thread_in_vm, id=152208, stack(0x000000c2cb800000,0x000000c2cb900000)]
  0x00000210cd649000 JavaThread "Reference Handler" daemon [_thread_blocked, id=104404, stack(0x000000c2cbf00000,0x000000c2cc000000)]
  0x00000210cd652800 JavaThread "Finalizer" daemon [_thread_blocked, id=135212, stack(0x000000c2cc000000,0x000000c2cc100000)]
  0x00000210cdfe8000 JavaThread "Signal Dispatcher" daemon [_thread_blocked, id=140416, stack(0x000000c2cc100000,0x000000c2cc200000)]
  0x00000210cdfec800 JavaThread "Attach Listener" daemon [_thread_blocked, id=151304, stack(0x000000c2cc200000,0x000000c2cc300000)]
  0x00000210cdfed800 JavaThread "Service Thread" daemon [_thread_blocked, id=148320, stack(0x000000c2cc300000,0x000000c2cc400000)]
=>0x00000210cdff3000 JavaThread "C2 CompilerThread0" daemon [_thread_in_native, id=151944, stack(0x000000c2cc400000,0x000000c2cc500000)]
  0x00000210cd663000 JavaThread "C1 CompilerThread0" daemon [_thread_blocked, id=146964, stack(0x000000c2cc500000,0x000000c2cc600000)]
  0x00000210cd666800 JavaThread "Sweeper thread" daemon [_thread_blocked, id=149052, stack(0x000000c2cc600000,0x000000c2cc700000)]
  0x00000210ce156000 JavaThread "Common-Cleaner" daemon [_thread_blocked, id=145520, stack(0x000000c2cc800000,0x000000c2cc900000)]

Other Threads:
  0x00000210cd624800 VMThread "VM Thread" [stack: 0x000000c2cbe00000,0x000000c2cbf00000] [id=148252]
  0x00000210ce14c000 WatcherThread [stack: 0x000000c2cc700000,0x000000c2cc800000] [id=147052]
  0x00000210b13f6800 GCTaskThread "GC Thread#0" [stack: 0x000000c2cb900000,0x000000c2cba00000] [id=123744]
  0x00000210ce346800 GCTaskThread "GC Thread#1" [stack: 0x000000c2cca00000,0x000000c2ccb00000] [id=139504]
  0x00000210ce6d0000 GCTaskThread "GC Thread#2" [stack: 0x000000c2ccb00000,0x000000c2ccc00000] [id=130428]
  0x00000210b1425000 ConcurrentGCThread "G1 Main Marker" [stack: 0x000000c2cba00000,0x000000c2cbb00000] [id=147596]
  0x00000210b1427800 ConcurrentGCThread "G1 Conc#0" [stack: 0x000000c2cbb00000,0x000000c2cbc00000] [id=105252]
  0x00000210ce87f000 ConcurrentGCThread "G1 Conc#1" [stack: 0x000000c2ccc00000,0x000000c2ccd00000] [id=137604]
  0x00000210cd490800 ConcurrentGCThread "G1 Refine#0" [stack: 0x000000c2cbc00000,0x000000c2cbd00000] [id=119536]
  0x00000210cd491000 ConcurrentGCThread "G1 Young RemSet Sampling" [stack: 0x000000c2cbd00000,0x000000c2cbe00000] [id=150804]

Threads with active compile tasks:
C2 CompilerThread0   3200 2487   !   4       java.net.URL::<init> (543 bytes)

VM state:not at safepoint (normal execution)

VM Mutex/Monitor currently owned by a thread: None

Heap address: 0x0000000083000000, size: 2000 MB, Compressed Oops mode: 32-bit
Narrow klass base: 0x0000000000000000, Narrow klass shift: 3
Compressed class space size: 1073741824 Address: 0x0000000100000000

Heap:
 garbage-first heap   total 129024K, used 34616K [0x0000000083000000, 0x0000000100000000)
  region size 1024K, 20 young (20480K), 5 survivors (5120K)
 Metaspace       used 37875K, capacity 38342K, committed 38480K, reserved 1103872K
  class space    used 4660K, capacity 4833K, committed 4864K, reserved 1048576K
Heap Regions: E=young(eden), S=young(survivor), O=old, HS=humongous(starts), HC=humongous(continues), CS=collection set, F=free, A=archive, TAMS=top-at-mark-start (previous, next)
|   0|0x0000000083000000, 0x0000000083100000, 0x0000000083100000|100%|HS|  |TAMS 0x0000000083100000, 0x0000000083000000| Complete 
|   1|0x0000000083100000, 0x0000000083200000, 0x0000000083200000|100%|HC|  |TAMS 0x0000000083200000, 0x0000000083100000| Complete 
|   2|0x0000000083200000, 0x0000000083300000, 0x0000000083300000|100%|HC|  |TAMS 0x0000000083300000, 0x0000000083200000| Complete 
|   3|0x0000000083300000, 0x0000000083400000, 0x0000000083400000|100%|HS|  |TAMS 0x0000000083400000, 0x0000000083300000| Complete 
|   4|0x0000000083400000, 0x0000000083500000, 0x0000000083500000|100%|HC|  |TAMS 0x0000000083500000, 0x0000000083400000| Complete 
|   5|0x0000000083500000, 0x0000000083600000, 0x0000000083600000|100%|HC|  |TAMS 0x0000000083600000, 0x0000000083500000| Complete 
|   6|0x0000000083600000, 0x0000000083700000, 0x0000000083700000|100%|HS|  |TAMS 0x0000000083700000, 0x0000000083600000| Complete 
|   7|0x0000000083700000, 0x0000000083800000, 0x0000000083800000|100%|HC|  |TAMS 0x0000000083800000, 0x0000000083700000| Complete 
|   8|0x0000000083800000, 0x0000000083900000, 0x0000000083900000|100%| O|  |TAMS 0x0000000083900000, 0x0000000083800000| Untracked 
|   9|0x0000000083900000, 0x0000000083a00000, 0x0000000083a00000|100%| O|  |TAMS 0x0000000083a00000, 0x0000000083900000| Untracked 
|  10|0x0000000083a00000, 0x0000000083b00000, 0x0000000083b00000|100%| O|  |TAMS 0x0000000083b00000, 0x0000000083a00000| Untracked 
|  11|0x0000000083b00000, 0x0000000083c00000, 0x0000000083c00000|100%| O|  |TAMS 0x0000000083c00000, 0x0000000083b00000| Untracked 
|  12|0x0000000083c00000, 0x0000000083d00000, 0x0000000083d00000|100%| O|  |TAMS 0x0000000083d00000, 0x0000000083c00000| Untracked 
|  13|0x0000000083d00000, 0x0000000083e00000, 0x0000000083e00000|100%| O|  |TAMS 0x0000000083e00000, 0x0000000083d00000| Untracked 
|  14|0x0000000083e00000, 0x0000000083ece000, 0x0000000083f00000| 80%| O|  |TAMS 0x0000000083ece000, 0x0000000083e00000| Untracked 
|  15|0x0000000083f00000, 0x0000000083f00000, 0x0000000084000000|  0%| F|  |TAMS 0x0000000083f00000, 0x0000000083f00000| Untracked 
|  16|0x0000000084000000, 0x0000000084000000, 0x0000000084100000|  0%| F|  |TAMS 0x0000000084000000, 0x0000000084000000| Untracked 
|  17|0x0000000084100000, 0x0000000084100000, 0x0000000084200000|  0%| F|  |TAMS 0x0000000084100000, 0x0000000084100000| Untracked 
|  18|0x0000000084200000, 0x0000000084200000, 0x0000000084300000|  0%| F|  |TAMS 0x0000000084200000, 0x0000000084200000| Untracked 
|  19|0x0000000084300000, 0x0000000084300000, 0x0000000084400000|  0%| F|  |TAMS 0x0000000084300000, 0x0000000084300000| Untracked 
|  20|0x0000000084400000, 0x0000000084400000, 0x0000000084500000|  0%| F|  |TAMS 0x0000000084400000, 0x0000000084400000| Untracked 
|  21|0x0000000084500000, 0x0000000084500000, 0x0000000084600000|  0%| F|  |TAMS 0x0000000084500000, 0x0000000084500000| Untracked 
|  22|0x0000000084600000, 0x0000000084600000, 0x0000000084700000|  0%| F|  |TAMS 0x0000000084600000, 0x0000000084600000| Untracked 
|  23|0x0000000084700000, 0x0000000084700000, 0x0000000084800000|  0%| F|  |TAMS 0x0000000084700000, 0x0000000084700000| Untracked 
|  24|0x0000000084800000, 0x0000000084800000, 0x0000000084900000|  0%| F|  |TAMS 0x0000000084800000, 0x0000000084800000| Untracked 
|  25|0x0000000084900000, 0x0000000084900000, 0x0000000084a00000|  0%| F|  |TAMS 0x0000000084900000, 0x0000000084900000| Untracked 
|  26|0x0000000084a00000, 0x0000000084a00000, 0x0000000084b00000|  0%| F|  |TAMS 0x0000000084a00000, 0x0000000084a00000| Untracked 
|  27|0x0000000084b00000, 0x0000000084b00000, 0x0000000084c00000|  0%| F|  |TAMS 0x0000000084b00000, 0x0000000084b00000| Untracked 
|  28|0x0000000084c00000, 0x0000000084c00000, 0x0000000084d00000|  0%| F|  |TAMS 0x0000000084c00000, 0x0000000084c00000| Untracked 
|  29|0x0000000084d00000, 0x0000000084d00000, 0x0000000084e00000|  0%| F|  |TAMS 0x0000000084d00000, 0x0000000084d00000| Untracked 
|  30|0x0000000084e00000, 0x0000000084e00000, 0x0000000084f00000|  0%| F|  |TAMS 0x0000000084e00000, 0x0000000084e00000| Untracked 
|  31|0x0000000084f00000, 0x0000000084f00000, 0x0000000085000000|  0%| F|  |TAMS 0x0000000084f00000, 0x0000000084f00000| Untracked 
|  32|0x0000000085000000, 0x0000000085000000, 0x0000000085100000|  0%| F|  |TAMS 0x0000000085000000, 0x0000000085000000| Untracked 
|  33|0x0000000085100000, 0x0000000085100000, 0x0000000085200000|  0%| F|  |TAMS 0x0000000085100000, 0x0000000085100000| Untracked 
|  34|0x0000000085200000, 0x0000000085200000, 0x0000000085300000|  0%| F|  |TAMS 0x0000000085200000, 0x0000000085200000| Untracked 
|  35|0x0000000085300000, 0x0000000085300000, 0x0000000085400000|  0%| F|  |TAMS 0x0000000085300000, 0x0000000085300000| Untracked 
|  36|0x0000000085400000, 0x0000000085400000, 0x0000000085500000|  0%| F|  |TAMS 0x0000000085400000, 0x0000000085400000| Untracked 
|  37|0x0000000085500000, 0x0000000085500000, 0x0000000085600000|  0%| F|  |TAMS 0x0000000085500000, 0x0000000085500000| Untracked 
|  38|0x0000000085600000, 0x0000000085600000, 0x0000000085700000|  0%| F|  |TAMS 0x0000000085600000, 0x0000000085600000| Untracked 
|  39|0x0000000085700000, 0x0000000085700000, 0x0000000085800000|  0%| F|  |TAMS 0x0000000085700000, 0x0000000085700000| Untracked 
|  40|0x0000000085800000, 0x0000000085800000, 0x0000000085900000|  0%| F|  |TAMS 0x0000000085800000, 0x0000000085800000| Untracked 
|  41|0x0000000085900000, 0x0000000085900000, 0x0000000085a00000|  0%| F|  |TAMS 0x0000000085900000, 0x0000000085900000| Untracked 
|  42|0x0000000085a00000, 0x0000000085a00000, 0x0000000085b00000|  0%| F|  |TAMS 0x0000000085a00000, 0x0000000085a00000| Untracked 
|  43|0x0000000085b00000, 0x0000000085b00000, 0x0000000085c00000|  0%| F|  |TAMS 0x0000000085b00000, 0x0000000085b00000| Untracked 
|  44|0x0000000085c00000, 0x0000000085c00000, 0x0000000085d00000|  0%| F|  |TAMS 0x0000000085c00000, 0x0000000085c00000| Untracked 
|  45|0x0000000085d00000, 0x0000000085d00000, 0x0000000085e00000|  0%| F|  |TAMS 0x0000000085d00000, 0x0000000085d00000| Untracked 
|  46|0x0000000085e00000, 0x0000000085e00000, 0x0000000085f00000|  0%| F|  |TAMS 0x0000000085e00000, 0x0000000085e00000| Untracked 
|  47|0x0000000085f00000, 0x0000000085f00000, 0x0000000086000000|  0%| F|  |TAMS 0x0000000085f00000, 0x0000000085f00000| Untracked 
|  48|0x0000000086000000, 0x0000000086000000, 0x0000000086100000|  0%| F|  |TAMS 0x0000000086000000, 0x0000000086000000| Untracked 
|  49|0x0000000086100000, 0x0000000086100000, 0x0000000086200000|  0%| F|  |TAMS 0x0000000086100000, 0x0000000086100000| Untracked 
|  50|0x0000000086200000, 0x0000000086200000, 0x0000000086300000|  0%| F|  |TAMS 0x0000000086200000, 0x0000000086200000| Untracked 
|  51|0x0000000086300000, 0x0000000086300000, 0x0000000086400000|  0%| F|  |TAMS 0x0000000086300000, 0x0000000086300000| Untracked 
|  52|0x0000000086400000, 0x0000000086400000, 0x0000000086500000|  0%| F|  |TAMS 0x0000000086400000, 0x0000000086400000| Untracked 
|  53|0x0000000086500000, 0x0000000086500000, 0x0000000086600000|  0%| F|  |TAMS 0x0000000086500000, 0x0000000086500000| Untracked 
|  54|0x0000000086600000, 0x0000000086600000, 0x0000000086700000|  0%| F|  |TAMS 0x0000000086600000, 0x0000000086600000| Untracked 
|  55|0x0000000086700000, 0x0000000086700000, 0x0000000086800000|  0%| F|  |TAMS 0x0000000086700000, 0x0000000086700000| Untracked 
|  56|0x0000000086800000, 0x0000000086800000, 0x0000000086900000|  0%| F|  |TAMS 0x0000000086800000, 0x0000000086800000| Untracked 
|  57|0x0000000086900000, 0x0000000086900000, 0x0000000086a00000|  0%| F|  |TAMS 0x0000000086900000, 0x0000000086900000| Untracked 
|  58|0x0000000086a00000, 0x0000000086a00000, 0x0000000086b00000|  0%| F|  |TAMS 0x0000000086a00000, 0x0000000086a00000| Untracked 
|  59|0x0000000086b00000, 0x0000000086b00000, 0x0000000086c00000|  0%| F|  |TAMS 0x0000000086b00000, 0x0000000086b00000| Untracked 
|  60|0x0000000086c00000, 0x0000000086c00000, 0x0000000086d00000|  0%| F|  |TAMS 0x0000000086c00000, 0x0000000086c00000| Untracked 
|  61|0x0000000086d00000, 0x0000000086d00000, 0x0000000086e00000|  0%| F|  |TAMS 0x0000000086d00000, 0x0000000086d00000| Untracked 
|  62|0x0000000086e00000, 0x0000000086e00000, 0x0000000086f00000|  0%| F|  |TAMS 0x0000000086e00000, 0x0000000086e00000| Untracked 
|  63|0x0000000086f00000, 0x0000000086f00000, 0x0000000087000000|  0%| F|  |TAMS 0x0000000086f00000, 0x0000000086f00000| Untracked 
|  64|0x0000000087000000, 0x0000000087000000, 0x0000000087100000|  0%| F|  |TAMS 0x0000000087000000, 0x0000000087000000| Untracked 
|  65|0x0000000087100000, 0x0000000087100000, 0x0000000087200000|  0%| F|  |TAMS 0x0000000087100000, 0x0000000087100000| Untracked 
|  66|0x0000000087200000, 0x0000000087200000, 0x0000000087300000|  0%| F|  |TAMS 0x0000000087200000, 0x0000000087200000| Untracked 
|  67|0x0000000087300000, 0x0000000087300000, 0x0000000087400000|  0%| F|  |TAMS 0x0000000087300000, 0x0000000087300000| Untracked 
|  68|0x0000000087400000, 0x0000000087400000, 0x0000000087500000|  0%| F|  |TAMS 0x0000000087400000, 0x0000000087400000| Untracked 
|  69|0x0000000087500000, 0x0000000087500000, 0x0000000087600000|  0%| F|  |TAMS 0x0000000087500000, 0x0000000087500000| Untracked 
|  70|0x0000000087600000, 0x0000000087600000, 0x0000000087700000|  0%| F|  |TAMS 0x0000000087600000, 0x0000000087600000| Untracked 
|  71|0x0000000087700000, 0x0000000087700000, 0x0000000087800000|  0%| F|  |TAMS 0x0000000087700000, 0x0000000087700000| Untracked 
|  72|0x0000000087800000, 0x0000000087800000, 0x0000000087900000|  0%| F|  |TAMS 0x0000000087800000, 0x0000000087800000| Untracked 
|  73|0x0000000087900000, 0x0000000087900000, 0x0000000087a00000|  0%| F|  |TAMS 0x0000000087900000, 0x0000000087900000| Untracked 
|  74|0x0000000087a00000, 0x0000000087a00000, 0x0000000087b00000|  0%| F|  |TAMS 0x0000000087a00000, 0x0000000087a00000| Untracked 
|  75|0x0000000087b00000, 0x0000000087b00000, 0x0000000087c00000|  0%| F|  |TAMS 0x0000000087b00000, 0x0000000087b00000| Untracked 
|  76|0x0000000087c00000, 0x0000000087c00000, 0x0000000087d00000|  0%| F|  |TAMS 0x0000000087c00000, 0x0000000087c00000| Untracked 
|  77|0x0000000087d00000, 0x0000000087d00000, 0x0000000087e00000|  0%| F|  |TAMS 0x0000000087d00000, 0x0000000087d00000| Untracked 
|  78|0x0000000087e00000, 0x0000000087e00000, 0x0000000087f00000|  0%| F|  |TAMS 0x0000000087e00000, 0x0000000087e00000| Untracked 
|  79|0x0000000087f00000, 0x0000000087f00000, 0x0000000088000000|  0%| F|  |TAMS 0x0000000087f00000, 0x0000000087f00000| Untracked 
|  80|0x0000000088000000, 0x0000000088000000, 0x0000000088100000|  0%| F|  |TAMS 0x0000000088000000, 0x0000000088000000| Untracked 
|  81|0x0000000088100000, 0x0000000088100000, 0x0000000088200000|  0%| F|  |TAMS 0x0000000088100000, 0x0000000088100000| Untracked 
|  82|0x0000000088200000, 0x0000000088200000, 0x0000000088300000|  0%| F|  |TAMS 0x0000000088200000, 0x0000000088200000| Untracked 
|  83|0x0000000088300000, 0x0000000088300000, 0x0000000088400000|  0%| F|  |TAMS 0x0000000088300000, 0x0000000088300000| Untracked 
|  84|0x0000000088400000, 0x0000000088400000, 0x0000000088500000|  0%| F|  |TAMS 0x0000000088400000, 0x0000000088400000| Untracked 
|  85|0x0000000088500000, 0x0000000088500000, 0x0000000088600000|  0%| F|  |TAMS 0x0000000088500000, 0x0000000088500000| Untracked 
|  86|0x0000000088600000, 0x0000000088600000, 0x0000000088700000|  0%| F|  |TAMS 0x0000000088600000, 0x0000000088600000| Untracked 
|  87|0x0000000088700000, 0x0000000088700000, 0x0000000088800000|  0%| F|  |TAMS 0x0000000088700000, 0x0000000088700000| Untracked 
|  88|0x0000000088800000, 0x0000000088800000, 0x0000000088900000|  0%| F|  |TAMS 0x0000000088800000, 0x0000000088800000| Untracked 
|  89|0x0000000088900000, 0x0000000088900000, 0x0000000088a00000|  0%| F|  |TAMS 0x0000000088900000, 0x0000000088900000| Untracked 
|  90|0x0000000088a00000, 0x0000000088a00000, 0x0000000088b00000|  0%| F|  |TAMS 0x0000000088a00000, 0x0000000088a00000| Untracked 
|  91|0x0000000088b00000, 0x0000000088b00000, 0x0000000088c00000|  0%| F|  |TAMS 0x0000000088b00000, 0x0000000088b00000| Untracked 
|  92|0x0000000088c00000, 0x0000000088c00000, 0x0000000088d00000|  0%| F|  |TAMS 0x0000000088c00000, 0x0000000088c00000| Untracked 
|  93|0x0000000088d00000, 0x0000000088d00000, 0x0000000088e00000|  0%| F|  |TAMS 0x0000000088d00000, 0x0000000088d00000| Untracked 
|  94|0x0000000088e00000, 0x0000000088e00000, 0x0000000088f00000|  0%| F|  |TAMS 0x0000000088e00000, 0x0000000088e00000| Untracked 
|  95|0x0000000088f00000, 0x0000000088f00000, 0x0000000089000000|  0%| F|  |TAMS 0x0000000088f00000, 0x0000000088f00000| Untracked 
|  96|0x0000000089000000, 0x0000000089000000, 0x0000000089100000|  0%| F|  |TAMS 0x0000000089000000, 0x0000000089000000| Untracked 
|  97|0x0000000089100000, 0x0000000089100000, 0x0000000089200000|  0%| F|  |TAMS 0x0000000089100000, 0x0000000089100000| Untracked 
|  98|0x0000000089200000, 0x0000000089200000, 0x0000000089300000|  0%| F|  |TAMS 0x0000000089200000, 0x0000000089200000| Untracked 
|  99|0x0000000089300000, 0x0000000089300000, 0x0000000089400000|  0%| F|  |TAMS 0x0000000089300000, 0x0000000089300000| Untracked 
| 100|0x0000000089400000, 0x0000000089400000, 0x0000000089500000|  0%| F|  |TAMS 0x0000000089400000, 0x0000000089400000| Untracked 
| 101|0x0000000089500000, 0x0000000089500000, 0x0000000089600000|  0%| F|  |TAMS 0x0000000089500000, 0x0000000089500000| Untracked 
| 102|0x0000000089600000, 0x0000000089600000, 0x0000000089700000|  0%| F|  |TAMS 0x0000000089600000, 0x0000000089600000| Untracked 
| 103|0x0000000089700000, 0x0000000089700000, 0x0000000089800000|  0%| F|  |TAMS 0x0000000089700000, 0x0000000089700000| Untracked 
| 104|0x0000000089800000, 0x0000000089800000, 0x0000000089900000|  0%| F|  |TAMS 0x0000000089800000, 0x0000000089800000| Untracked 
| 105|0x0000000089900000, 0x0000000089900000, 0x0000000089a00000|  0%| F|  |TAMS 0x0000000089900000, 0x0000000089900000| Untracked 
| 106|0x0000000089a00000, 0x0000000089b00000, 0x0000000089b00000|100%| E|  |TAMS 0x0000000089a00000, 0x0000000089a00000| Complete 
| 107|0x0000000089b00000, 0x0000000089c00000, 0x0000000089c00000|100%| E|CS|TAMS 0x0000000089b00000, 0x0000000089b00000| Complete 
| 108|0x0000000089c00000, 0x0000000089d00000, 0x0000000089d00000|100%| E|CS|TAMS 0x0000000089c00000, 0x0000000089c00000| Complete 
| 109|0x0000000089d00000, 0x0000000089e00000, 0x0000000089e00000|100%| E|CS|TAMS 0x0000000089d00000, 0x0000000089d00000| Complete 
| 110|0x0000000089e00000, 0x0000000089f00000, 0x0000000089f00000|100%| E|CS|TAMS 0x0000000089e00000, 0x0000000089e00000| Complete 
| 111|0x0000000089f00000, 0x000000008a000000, 0x000000008a000000|100%| E|CS|TAMS 0x0000000089f00000, 0x0000000089f00000| Complete 
| 112|0x000000008a000000, 0x000000008a100000, 0x000000008a100000|100%| S|CS|TAMS 0x000000008a000000, 0x000000008a000000| Complete 
| 113|0x000000008a100000, 0x000000008a200000, 0x000000008a200000|100%| S|CS|TAMS 0x000000008a100000, 0x000000008a100000| Complete 
| 114|0x000000008a200000, 0x000000008a300000, 0x000000008a300000|100%| S|CS|TAMS 0x000000008a200000, 0x000000008a200000| Complete 
| 115|0x000000008a300000, 0x000000008a400000, 0x000000008a400000|100%| S|CS|TAMS 0x000000008a300000, 0x000000008a300000| Complete 
| 116|0x000000008a400000, 0x000000008a500000, 0x000000008a500000|100%| S|CS|TAMS 0x000000008a400000, 0x000000008a400000| Complete 
| 117|0x000000008a500000, 0x000000008a600000, 0x000000008a600000|100%| E|CS|TAMS 0x000000008a500000, 0x000000008a500000| Complete 
| 118|0x000000008a600000, 0x000000008a700000, 0x000000008a700000|100%| E|CS|TAMS 0x000000008a600000, 0x000000008a600000| Complete 
| 119|0x000000008a700000, 0x000000008a800000, 0x000000008a800000|100%| E|CS|TAMS 0x000000008a700000, 0x000000008a700000| Complete 
| 120|0x000000008a800000, 0x000000008a900000, 0x000000008a900000|100%| E|CS|TAMS 0x000000008a800000, 0x000000008a800000| Complete 
| 121|0x000000008a900000, 0x000000008aa00000, 0x000000008aa00000|100%| E|CS|TAMS 0x000000008a900000, 0x000000008a900000| Complete 
| 122|0x000000008aa00000, 0x000000008ab00000, 0x000000008ab00000|100%| E|CS|TAMS 0x000000008aa00000, 0x000000008aa00000| Complete 
| 123|0x000000008ab00000, 0x000000008ac00000, 0x000000008ac00000|100%| E|CS|TAMS 0x000000008ab00000, 0x000000008ab00000| Complete 
| 124|0x000000008ac00000, 0x000000008ad00000, 0x000000008ad00000|100%| E|CS|TAMS 0x000000008ac00000, 0x000000008ac00000| Complete 
| 125|0x000000008ad00000, 0x000000008ae00000, 0x000000008ae00000|100%| E|CS|TAMS 0x000000008ad00000, 0x000000008ad00000| Complete 

Card table byte_map: [0x00000210c6510000,0x00000210c6900000] _byte_map_base: 0x00000210c60f8000

Marking Bits (Prev, Next): (CMBitMap*) 0x00000210b141c718, (CMBitMap*) 0x00000210b141c750
 Prev Bits: [0x00000210c6cf0000, 0x00000210c8c30000)
 Next Bits: [0x00000210c8c30000, 0x00000210cab70000)

Polling page: 0x00000210b14c0000

Metaspace:

Usage:
  Non-class:     32.79 MB capacity,    32.49 MB (>99%) used,   243.69 KB ( <1%) free+waste,    55.38 KB ( <1%) overhead. 
      Class:      4.72 MB capacity,     4.55 MB ( 96%) used,   144.24 KB (  3%) free+waste,    25.50 KB ( <1%) overhead. 
       Both:     37.51 MB capacity,    37.05 MB ( 99%) used,   387.93 KB (  1%) free+waste,    80.88 KB ( <1%) overhead. 

Virtual space:
  Non-class space:       54.00 MB reserved,      33.08 MB ( 61%) committed 
      Class space:        1.00 GB reserved,       4.75 MB ( <1%) committed 
             Both:        1.05 GB reserved,      37.83 MB (  4%) committed 

Chunk freelists:
   Non-Class:  107.00 KB
       Class:  31.00 KB
        Both:  138.00 KB

MaxMetaspaceSize: 17179869184.00 GB
CompressedClassSpaceSize: 1.00 GB

CodeHeap 'non-profiled nmethods': size=120000Kb used=934Kb max_used=934Kb free=119065Kb
 bounds [0x00000210be180000, 0x00000210be3f0000, 0x00000210c56b0000]
CodeHeap 'profiled nmethods': size=120000Kb used=4670Kb max_used=4670Kb free=115329Kb
 bounds [0x00000210b6c50000, 0x00000210b70e0000, 0x00000210be180000]
CodeHeap 'non-nmethods': size=5760Kb used=1191Kb max_used=1234Kb free=4568Kb
 bounds [0x00000210b66b0000, 0x00000210b6920000, 0x00000210b6c50000]
 total_blobs=3036 nmethods=2506 adapters=441
 compilation: enabled
              stopped_count=0, restarted_count=0
 full_count=0

Compilation events (20 events):
Event: 3.152 Thread 0x00000210cd663000 nmethod 2506 0x00000210b70d4e10 code [0x00000210b70d4fc0, 0x00000210b70d5178]
Event: 3.152 Thread 0x00000210cd663000 2507       3       sun.reflect.generics.visitor.Reifier::getResult (26 bytes)
Event: 3.153 Thread 0x00000210cd663000 nmethod 2507 0x00000210b70d5210 code [0x00000210b70d53c0, 0x00000210b70d54d8]
Event: 3.156 Thread 0x00000210cd663000 2508       3       sun.reflect.annotation.AnnotationParser::parseAnnotations2 (135 bytes)
Event: 3.158 Thread 0x00000210cd663000 nmethod 2508 0x00000210b70d5590 code [0x00000210b70d5980, 0x00000210b70d7338]
Event: 3.158 Thread 0x00000210cd663000 2509   !   3       com.sun.proxy.$Proxy1::annotationType (29 bytes)
Event: 3.158 Thread 0x00000210cd663000 nmethod 2509 0x00000210b70d7e90 code [0x00000210b70d8080, 0x00000210b70d8458]
Event: 3.159 Thread 0x00000210cd663000 2510       3       sun.reflect.annotation.AnnotationParser::parseIntArray (84 bytes)
Event: 3.159 Thread 0x00000210cd663000 nmethod 2510 0x00000210b70d8610 code [0x00000210b70d88a0, 0x00000210b70d9228]
Event: 3.162 Thread 0x00000210cd663000 2511       3       java.lang.Class::getDeclaringClass (31 bytes)
Event: 3.162 Thread 0x00000210cd663000 nmethod 2511 0x00000210b70d9690 code [0x00000210b70d9880, 0x00000210b70d9be8]
Event: 3.163 Thread 0x00000210cd663000 2512       3       kotlin.collections.CollectionsKt___CollectionsKt::single (68 bytes)
Event: 3.164 Thread 0x00000210cd663000 nmethod 2512 0x00000210b70d9d90 code [0x00000210b70da000, 0x00000210b70da8f8]
Event: 3.164 Thread 0x00000210cd663000 2513       3       kotlin.collections.CollectionsKt___CollectionsKt::single (76 bytes)
Event: 3.165 Thread 0x00000210cd663000 nmethod 2513 0x00000210b70dac10 code [0x00000210b70daee0, 0x00000210b70dbbe8]
Event: 3.167 Thread 0x00000210cd663000 2514       3       kotlin.sequences.GeneratorSequence::<init> (27 bytes)
Event: 3.168 Thread 0x00000210cd663000 nmethod 2514 0x00000210b70dbf90 code [0x00000210b70dc240, 0x00000210b70dcd78]
Event: 3.178 Thread 0x00000210cd663000 2515       3       org.jetbrains.kotlin.container.CacheKt::getInfo (14 bytes)
Event: 3.179 Thread 0x00000210cd663000 nmethod 2515 0x00000210b70dd190 code [0x00000210b70dd3c0, 0x00000210b70dd948]
Event: 3.179 Thread 0x00000210cd663000 2516       3       org.jetbrains.kotlin.container.ClassTraversalCache::getClassInfo (43 bytes)

GC Heap History (8 events):
Event: 0.796 GC heap before
{Heap before GC invocations=0 (full 0):
 garbage-first heap   total 129024K, used 27648K [0x0000000083000000, 0x0000000100000000)
  region size 1024K, 24 young (24576K), 0 survivors (0K)
 Metaspace       used 12318K, capacity 12408K, committed 12544K, reserved 1060864K
  class space    used 1159K, capacity 1175K, committed 1280K, reserved 1048576K
}
Event: 0.801 GC heap after
{Heap after GC invocations=1 (full 0):
 garbage-first heap   total 129024K, used 5917K [0x0000000083000000, 0x0000000100000000)
  region size 1024K, 3 young (3072K), 3 survivors (3072K)
 Metaspace       used 12318K, capacity 12408K, committed 12544K, reserved 1060864K
  class space    used 1159K, capacity 1175K, committed 1280K, reserved 1048576K
}
Event: 1.573 GC heap before
{Heap before GC invocations=1 (full 0):
 garbage-first heap   total 129024K, used 41757K [0x0000000083000000, 0x0000000100000000)
  region size 1024K, 39 young (39936K), 3 survivors (3072K)
 Metaspace       used 20866K, capacity 21087K, committed 21296K, reserved 1069056K
  class space    used 2216K, capacity 2312K, committed 2432K, reserved 1048576K
}
Event: 1.585 GC heap after
{Heap after GC invocations=2 (full 0):
 garbage-first heap   total 129024K, used 9419K [0x0000000083000000, 0x0000000100000000)
  region size 1024K, 7 young (7168K), 7 survivors (7168K)
 Metaspace       used 20866K, capacity 21087K, committed 21296K, reserved 1069056K
  class space    used 2216K, capacity 2312K, committed 2432K, reserved 1048576K
}
Event: 2.751 GC heap before
{Heap before GC invocations=3 (full 0):
 garbage-first heap   total 129024K, used 64715K [0x0000000083000000, 0x0000000100000000)
  region size 1024K, 56 young (57344K), 7 survivors (7168K)
 Metaspace       used 33662K, capacity 34115K, committed 34352K, reserved 1079296K
  class space    used 4206K, capacity 4407K, committed 4480K, reserved 1048576K
}
Event: 2.768 GC heap after
{Heap after GC invocations=4 (full 0):
 garbage-first heap   total 129024K, used 19403K [0x0000000083000000, 0x0000000100000000)
  region size 1024K, 7 young (7168K), 7 survivors (7168K)
 Metaspace       used 33662K, capacity 34115K, committed 34352K, reserved 1079296K
  class space    used 4206K, capacity 4407K, committed 4480K, reserved 1048576K
}
Event: 2.916 GC heap before
{Heap before GC invocations=4 (full 0):
 garbage-first heap   total 129024K, used 27595K [0x0000000083000000, 0x0000000100000000)
  region size 1024K, 16 young (16384K), 7 survivors (7168K)
 Metaspace       used 35305K, capacity 35758K, committed 35920K, reserved 1081344K
  class space    used 4380K, capacity 4571K, committed 4608K, reserved 1048576K
}
Event: 2.924 GC heap after
{Heap after GC invocations=5 (full 0):
 garbage-first heap   total 129024K, used 20280K [0x0000000083000000, 0x0000000100000000)
  region size 1024K, 5 young (5120K), 5 survivors (5120K)
 Metaspace       used 35305K, capacity 35758K, committed 35920K, reserved 1081344K
  class space    used 4380K, capacity 4571K, committed 4608K, reserved 1048576K
}

Deoptimization events (20 events):
Event: 2.402 Thread 0x00000210b13de000 DEOPT PACKING pc=0x00000210be217b84 sp=0x000000c2cb8fddc0
Event: 2.402 Thread 0x00000210b13de000 DEOPT UNPACKING pc=0x00000210b66b83af sp=0x000000c2cb8fdd38 mode 2
Event: 2.463 Thread 0x00000210b13de000 DEOPT PACKING pc=0x00000210b6f3a2e8 sp=0x000000c2cb8fe5d0
Event: 2.463 Thread 0x00000210b13de000 DEOPT UNPACKING pc=0x00000210b66d7c0e sp=0x000000c2cb8fdad8 mode 0
Event: 2.466 Thread 0x00000210b13de000 DEOPT PACKING pc=0x00000210b6f3a2e8 sp=0x000000c2cb8fe5d0
Event: 2.466 Thread 0x00000210b13de000 DEOPT UNPACKING pc=0x00000210b66d7c0e sp=0x000000c2cb8fdad8 mode 0
Event: 2.469 Thread 0x00000210b13de000 DEOPT PACKING pc=0x00000210b6f3a2e8 sp=0x000000c2cb8fe5c0
Event: 2.469 Thread 0x00000210b13de000 DEOPT UNPACKING pc=0x00000210b66d7c0e sp=0x000000c2cb8fdac8 mode 0
Event: 2.647 Thread 0x00000210b13de000 Uncommon trap: trap_request=0xffffff4d fr.pc=0x00000210be24861c relative=0x00000000000003dc
Event: 2.647 Thread 0x00000210b13de000 Uncommon trap: reason=unstable_if action=reinterpret pc=0x00000210be24861c method=java.io.WinNTFileSystem.normalize(Ljava/lang/String;)Ljava/lang/String; @ 104 c2
Event: 2.647 Thread 0x00000210b13de000 DEOPT PACKING pc=0x00000210be24861c sp=0x000000c2cb8fdc60
Event: 2.647 Thread 0x00000210b13de000 DEOPT UNPACKING pc=0x00000210b66b83af sp=0x000000c2cb8fdbd8 mode 2
Event: 2.840 Thread 0x00000210b13de000 Uncommon trap: trap_request=0xffffff4d fr.pc=0x00000210be255460 relative=0x0000000000000120
Event: 2.840 Thread 0x00000210b13de000 Uncommon trap: reason=unstable_if action=reinterpret pc=0x00000210be255460 method=org.jetbrains.kotlin.protobuf.CodedInputStream.readRawVarint32()I @ 69 c2
Event: 2.840 Thread 0x00000210b13de000 DEOPT PACKING pc=0x00000210be255460 sp=0x000000c2cb8fd860
Event: 2.840 Thread 0x00000210b13de000 DEOPT UNPACKING pc=0x00000210b66b83af sp=0x000000c2cb8fd7e8 mode 2
Event: 2.989 Thread 0x00000210b13de000 Uncommon trap: trap_request=0xffffff4d fr.pc=0x00000210be1ad304 relative=0x0000000000000684
Event: 2.989 Thread 0x00000210b13de000 Uncommon trap: reason=unstable_if action=reinterpret pc=0x00000210be1ad304 method=java.util.concurrent.ConcurrentHashMap.get(Ljava/lang/Object;)Ljava/lang/Object; @ 76 c2
Event: 2.989 Thread 0x00000210b13de000 DEOPT PACKING pc=0x00000210be1ad304 sp=0x000000c2cb8fa1c0
Event: 2.989 Thread 0x00000210b13de000 DEOPT UNPACKING pc=0x00000210b66b83af sp=0x000000c2cb8fa148 mode 2

Classes redefined (0 events):
No events

Internal exceptions (20 events):
Event: 1.705 Thread 0x00000210b13de000 Exception <a 'java/lang/NoSuchMethodError'{0x000000008a76d570}: 'void java.lang.invoke.DirectMethodHandle$Holder.invokeSpecial(java.lang.Object, java.lang.Object)'> (0x000000008a76d570) thrown at [./src/hotspot/share/interpreter/linkResolver.cpp, line 773]
Event: 1.913 Thread 0x00000210b13de000 Exception <a 'java/lang/NoSuchMethodError'{0x0000000089e08100}: 'java.lang.Object java.lang.invoke.DirectMethodHandle$Holder.invokeStatic(java.lang.Object, java.lang.Object, java.lang.Object, java.lang.Object, java.lang.Object, java.lang.Object, java.lang.Object, java.lang.Object, java.lang.Object, java.lang.Object, java.lang.Object, java.lang.Object, java.lang.Object, java.lang.Object, java.lang.Object)'> (0x0000000089e08100) thrown at [./src/hotspot/share/interpreter/linkResolver.cpp, line 773]
Event: 1.915 Thread 0x00000210b13de000 Exception <a 'java/lang/NoSuchMethodError'{0x0000000089e16108}: 'java.lang.Object java.lang.invoke.DirectMethodHandle$Holder.invokeStatic(java.lang.Object, java.lang.Object, java.lang.Object, java.lang.Object, java.lang.Object, java.lang.Object, java.lang.Object, java.lang.Object, java.lang.Object, java.lang.Object, java.lang.Object, java.lang.Object, java.lang.Object, java.lang.Object, java.lang.Object, java.lang.Object)'> (0x0000000089e16108) thrown at [./src/hotspot/share/interpreter/linkResolver.cpp, l
Event: 1.916 Thread 0x00000210b13de000 Exception <a 'java/lang/NoSuchMethodError'{0x0000000089e24020}: 'java.lang.Object java.lang.invoke.DirectMethodHandle$Holder.invokeSpecial(java.lang.Object, java.lang.Object, int, int, java.lang.Object, java.lang.Object, java.lang.Object)'> (0x0000000089e24020) thrown at [./src/hotspot/share/interpreter/linkResolver.cpp, line 773]
Event: 1.916 Thread 0x00000210b13de000 Exception <a 'java/lang/NoSuchMethodError'{0x0000000089e27858}: 'java.lang.Object java.lang.invoke.DelegatingMethodHandle$Holder.reinvoke_L(java.lang.Object, int, int, java.lang.Object, java.lang.Object, java.lang.Object)'> (0x0000000089e27858) thrown at [./src/hotspot/share/interpreter/linkResolver.cpp, line 773]
Event: 1.917 Thread 0x00000210b13de000 Exception <a 'java/lang/NoSuchMethodError'{0x0000000089e2bbe0}: 'java.lang.Object java.lang.invoke.DirectMethodHandle$Holder.invokeStatic(java.lang.Object, java.lang.Object, java.lang.Object, java.lang.Object, int)'> (0x0000000089e2bbe0) thrown at [./src/hotspot/share/interpreter/linkResolver.cpp, line 773]
Event: 1.971 Thread 0x00000210b13de000 Exception <a 'sun/nio/fs/WindowsException'{0x0000000089d70550}> (0x0000000089d70550) thrown at [./src/hotspot/share/prims/jni.cpp, line 615]
Event: 1.972 Thread 0x00000210b13de000 Exception <a 'sun/nio/fs/WindowsException'{0x0000000089d70ef0}> (0x0000000089d70ef0) thrown at [./src/hotspot/share/prims/jni.cpp, line 615]
Event: 1.972 Thread 0x00000210b13de000 Exception <a 'sun/nio/fs/WindowsException'{0x0000000089d718b0}> (0x0000000089d718b0) thrown at [./src/hotspot/share/prims/jni.cpp, line 615]
Event: 1.972 Thread 0x00000210b13de000 Exception <a 'sun/nio/fs/WindowsException'{0x0000000089d72470}> (0x0000000089d72470) thrown at [./src/hotspot/share/prims/jni.cpp, line 615]
Event: 1.972 Thread 0x00000210b13de000 Exception <a 'sun/nio/fs/WindowsException'{0x0000000089d72f80}> (0x0000000089d72f80) thrown at [./src/hotspot/share/prims/jni.cpp, line 615]
Event: 1.972 Thread 0x00000210b13de000 Exception <a 'sun/nio/fs/WindowsException'{0x0000000089d73af0}> (0x0000000089d73af0) thrown at [./src/hotspot/share/prims/jni.cpp, line 615]
Event: 1.975 Thread 0x00000210b13de000 Exception <a 'java/lang/NoSuchMethodError'{0x0000000089d7bdb8}: 'void java.lang.invoke.DirectMethodHandle$Holder.invokeStatic(java.lang.Object, java.lang.Object, java.lang.Object, java.lang.Object)'> (0x0000000089d7bdb8) thrown at [./src/hotspot/share/interpreter/linkResolver.cpp, line 773]
Event: 2.049 Thread 0x00000210b13de000 Exception <a 'java/lang/NoSuchMethodError'{0x0000000089971d68}: 'void java.lang.invoke.DirectMethodHandle$Holder.invokeStaticInit(java.lang.Object, java.lang.Object)'> (0x0000000089971d68) thrown at [./src/hotspot/share/interpreter/linkResolver.cpp, line 773]
Event: 2.150 Thread 0x00000210b13de000 Exception <a 'java/lang/NoSuchMethodError'{0x00000000895a77c8}: 'void java.lang.invoke.DirectMethodHandle$Holder.invokeVirtual(java.lang.Object, java.lang.Object)'> (0x00000000895a77c8) thrown at [./src/hotspot/share/interpreter/linkResolver.cpp, line 773]
Event: 2.164 Thread 0x00000210b13de000 Exception <a 'java/lang/NoSuchMethodError'{0x0000000089427fb8}: 'int java.lang.invoke.DirectMethodHandle$Holder.invokeVirtual(java.lang.Object, java.lang.Object)'> (0x0000000089427fb8) thrown at [./src/hotspot/share/interpreter/linkResolver.cpp, line 773]
Event: 2.383 Thread 0x00000210b13de000 Implicit null exception at 0x00000210be1e7274 to 0x00000210be1e748c
Event: 2.386 Thread 0x00000210b13de000 Implicit null exception at 0x00000210be1de65e to 0x00000210be1dedc2
Event: 2.386 Thread 0x00000210b13de000 Implicit null exception at 0x00000210be1b972f to 0x00000210be1b979d
Event: 2.886 Thread 0x00000210b13de000 Exception <a 'java/lang/NoSuchMethodError'{0x000000008a791508}: 'java.lang.Object java.lang.invoke.DirectMethodHandle$Holder.invokeVirtual(java.lang.Object, java.lang.Object, java.lang.Object)'> (0x000000008a791508) thrown at [./src/hotspot/share/interpreter/linkResolver.cpp, line 773]

Events (20 events):
Event: 3.174 loading class org/jetbrains/kotlin/resolve/scopes/receivers/DetailedReceiver
Event: 3.174 loading class org/jetbrains/kotlin/resolve/scopes/receivers/DetailedReceiver done
Event: 3.174 loading class org/jetbrains/kotlin/resolve/QualifiedExpressionResolver$QualifiedExpressionResolveResult
Event: 3.174 loading class org/jetbrains/kotlin/resolve/QualifiedExpressionResolver$QualifiedExpressionResolveResult done
Event: 3.175 loading class org/jetbrains/kotlin/incremental/KotlinLookupLocation
Event: 3.175 loading class org/jetbrains/kotlin/incremental/KotlinLookupLocation done
Event: 3.175 loading class org/jetbrains/kotlin/resolve/QualifierPosition
Event: 3.175 loading class org/jetbrains/kotlin/resolve/QualifierPosition done
Event: 3.175 loading class org/jetbrains/kotlin/resolve/scopes/ImportingScope
Event: 3.175 loading class org/jetbrains/kotlin/resolve/scopes/ImportingScope done
Event: 3.176 loading class org/jetbrains/kotlin/types/DynamicType
Event: 3.176 loading class org/jetbrains/kotlin/types/DynamicType done
Event: 3.176 loading class org/jetbrains/kotlin/types/FlexibleType
Event: 3.176 loading class org/jetbrains/kotlin/types/FlexibleType done
Event: 3.177 loading class org/jetbrains/kotlin/types/SubtypingRepresentatives
Event: 3.177 loading class org/jetbrains/kotlin/types/SubtypingRepresentatives done
Event: 3.177 loading class org/jetbrains/kotlin/descriptors/impl/SimpleFunctionDescriptorImpl
Event: 3.177 loading class org/jetbrains/kotlin/descriptors/impl/SimpleFunctionDescriptorImpl done
Event: 3.179 loading class org/jetbrains/kotlin/resolve/lazy/FileScopes
Event: 3.179 loading class org/jetbrains/kotlin/resolve/lazy/FileScopes done


Dynamic libraries:
0x00007ff66a440000 - 0x00007ff66a44a000 	C:\AndroidStudio\jre\bin\java.exe
0x00007ffb48d60000 - 0x00007ffb48f69000 	C:\WINDOWS\SYSTEM32\ntdll.dll
0x00007ffb46ef0000 - 0x00007ffb46fad000 	C:\WINDOWS\System32\KERNEL32.DLL
0x00007ffb464e0000 - 0x00007ffb46859000 	C:\WINDOWS\System32\KERNELBASE.dll
0x00007ffb46250000 - 0x00007ffb46361000 	C:\WINDOWS\System32\ucrtbase.dll
0x00007ffb35d50000 - 0x00007ffb35d69000 	C:\AndroidStudio\jre\bin\jli.dll
0x00007ffb32080000 - 0x00007ffb32097000 	C:\AndroidStudio\jre\bin\VCRUNTIME140.dll
0x00007ffb48510000 - 0x00007ffb486bc000 	C:\WINDOWS\System32\USER32.dll
0x00007ffb46370000 - 0x00007ffb46396000 	C:\WINDOWS\System32\win32u.dll
0x00007ffb300f0000 - 0x00007ffb30395000 	C:\WINDOWS\WinSxS\amd64_microsoft.windows.common-controls_6595b64144ccf1df_6.0.22000.120_none_9d947278b86cc467\COMCTL32.dll
0x00007ffb47550000 - 0x00007ffb47579000 	C:\WINDOWS\System32\GDI32.dll
0x00007ffb46d50000 - 0x00007ffb46df3000 	C:\WINDOWS\System32\msvcrt.dll
0x00007ffb46860000 - 0x00007ffb46972000 	C:\WINDOWS\System32\gdi32full.dll
0x00007ffb469f0000 - 0x00007ffb46a8d000 	C:\WINDOWS\System32\msvcp_win.dll
0x00007ffb46d10000 - 0x00007ffb46d41000 	C:\WINDOWS\System32\IMM32.DLL
0x00007ffb0ab10000 - 0x00007ffb0abad000 	C:\AndroidStudio\jre\bin\msvcp140.dll
0x00007ffade960000 - 0x00007ffadf435000 	C:\AndroidStudio\jre\bin\server\jvm.dll
0x00007ffb47610000 - 0x00007ffb476be000 	C:\WINDOWS\System32\ADVAPI32.dll
0x00007ffb46c00000 - 0x00007ffb46c9e000 	C:\WINDOWS\System32\sechost.dll
0x00007ffb47760000 - 0x00007ffb47880000 	C:\WINDOWS\System32\RPCRT4.dll
0x00007ffb47590000 - 0x00007ffb47598000 	C:\WINDOWS\System32\PSAPI.DLL
0x00007ffb427c0000 - 0x00007ffb427c9000 	C:\WINDOWS\SYSTEM32\WSOCK32.dll
0x00007ffb41160000 - 0x00007ffb41193000 	C:\WINDOWS\SYSTEM32\WINMM.dll
0x00007ffb3e860000 - 0x00007ffb3e86a000 	C:\WINDOWS\SYSTEM32\VERSION.dll
0x00007ffb475a0000 - 0x00007ffb4760f000 	C:\WINDOWS\System32\WS2_32.dll
0x00007ffb45440000 - 0x00007ffb45458000 	C:\WINDOWS\SYSTEM32\kernel.appcore.dll
0x00007ffb1e330000 - 0x00007ffb1e341000 	C:\AndroidStudio\jre\bin\verify.dll
0x00007ffb43da0000 - 0x00007ffb43fc1000 	C:\WINDOWS\SYSTEM32\DBGHELP.DLL
0x00007ffb27910000 - 0x00007ffb27941000 	C:\WINDOWS\SYSTEM32\dbgcore.DLL
0x00007ffb463a0000 - 0x00007ffb4641f000 	C:\WINDOWS\System32\bcryptPrimitives.dll
0x00007ffb1b150000 - 0x00007ffb1b179000 	C:\AndroidStudio\jre\bin\java.dll
0x00007ffb34830000 - 0x00007ffb3483b000 	C:\AndroidStudio\jre\bin\jimage.dll
0x00007ffb12b50000 - 0x00007ffb12b68000 	C:\AndroidStudio\jre\bin\zip.dll
0x00007ffb47a50000 - 0x00007ffb481ff000 	C:\WINDOWS\System32\SHELL32.dll
0x00007ffb443c0000 - 0x00007ffb44c28000 	C:\WINDOWS\SYSTEM32\windows.storage.dll
0x00007ffb471d0000 - 0x00007ffb47548000 	C:\WINDOWS\System32\combase.dll
0x00007ffb44250000 - 0x00007ffb443b6000 	C:\WINDOWS\SYSTEM32\wintypes.dll
0x00007ffb483a0000 - 0x00007ffb4848a000 	C:\WINDOWS\System32\SHCORE.dll
0x00007ffb47170000 - 0x00007ffb471cd000 	C:\WINDOWS\System32\shlwapi.dll
0x00007ffb46180000 - 0x00007ffb461a1000 	C:\WINDOWS\SYSTEM32\profapi.dll
0x00007ffb12b30000 - 0x00007ffb12b4a000 	C:\AndroidStudio\jre\bin\net.dll
0x00007ffb3fa70000 - 0x00007ffb3fb7c000 	C:\WINDOWS\SYSTEM32\WINHTTP.dll
0x00007ffb45870000 - 0x00007ffb458d7000 	C:\WINDOWS\system32\mswsock.dll
0x00007ffb0d9c0000 - 0x00007ffb0d9d4000 	C:\AndroidStudio\jre\bin\nio.dll

dbghelp: loaded successfully - version: 4.0.5 - missing functions: none
symbol engine: initialized successfully - sym options: 0x614 - pdb path: .;C:\AndroidStudio\jre\bin;C:\WINDOWS\SYSTEM32;C:\WINDOWS\WinSxS\amd64_microsoft.windows.common-controls_6595b64144ccf1df_6.0.22000.120_none_9d947278b86cc467;C:\AndroidStudio\jre\bin\server

VM Arguments:
java_command: org.jetbrains.kotlin.cli.jvm.K2JVMCompiler @C:\ProjectsReworks\AlcoholShop\app\build\20220601_15600548567584990651.compiler.options
java_class_path (initial): C:\Users\Аркадий\.gradle\caches\modules-2\files-2.1\org.jetbrains.kotlin\kotlin-compiler-embeddable\1.6.21\97bdd5a752ce73b58ef16c17bc7f0ea2faff7a2e\kotlin-compiler-embeddable-1.6.21.jar;C:\Users\Аркадий\.gradle\caches\modules-2\files-2.1\org.jetbrains.kotlin\kotlin-reflect\1.6.21\5dc3574d9b7bebfcb4ec6b10ada4aaa9e140bd0b\kotlin-reflect-1.6.21.jar;C:\Users\Аркадий\.gradle\caches\modules-2\files-2.1\org.jetbrains.kotlin\kotlin-stdlib\1.6.21\11ef67f1900634fd951bad28c53ec957fabbe5b8\kotlin-stdlib-1.6.21.jar;C:\Users\Аркадий\.gradle\caches\modules-2\files-2.1\org.jetbrains.kotlin\kotlin-script-runtime\1.6.21\99c6675100da5d6d5b1c5a1032f27f28008d101b\kotlin-script-runtime-1.6.21.jar;C:\Users\Аркадий\.gradle\caches\modules-2\files-2.1\org.jetbrains.kotlin\kotlin-daemon-embeddable\1.6.21\46b78cf392e1c4f10854c3cadba44abb7b82250f\kotlin-daemon-embeddable-1.6.21.jar;C:\Users\Аркадий\.gradle\caches\modules-2\files-2.1\org.jetbrains.intellij.deps\trove4j\1.0.20200330\3afb14d5f9ceb459d724e907a21145e8ff394f02\trove4j-1.0.20200330.jar;C:\Users\Аркадий\.gradle\caches\modules-2\files-2.1\net.java.dev.jna\jna\5.6.0\330f2244e9030119ab3030fc3fededc86713d9cc\jna-5.6.0.jar;C:\Users\Аркадий\.gradle\caches\modules-2\files-2.1\org.jetbrains.kotlin\kotlin-stdlib-common\1.6.21\5e5b55c26dbc80372a920aef60eb774b714559b8\kotlin-stdlib-common-1.6.21.jar;C:\Users\Аркадий\.gradle\caches\modules-2\files-2.1\org.jetbrains\annotations\13.0\919f0dfe192fb4e063e7dacadee7f8bb9a2672a9\annotations-13.0.jar
Launcher Type: SUN_STANDARD

[Global flags]
     intx CICompilerCount                          = 4                                         {product} {ergonomic}
     uint ConcGCThreads                            = 2                                         {product} {ergonomic}
     uint G1ConcRefinementThreads                  = 8                                         {product} {ergonomic}
   size_t G1HeapRegionSize                         = 1048576                                   {product} {ergonomic}
    uintx GCDrainStackTargetSize                   = 64                                        {product} {ergonomic}
   size_t InitialHeapSize                          = 132120576                                 {product} {ergonomic}
   size_t MarkStackSize                            = 4194304                                   {product} {ergonomic}
   size_t MaxHeapSize                              = 2097152000                                {product} {ergonomic}
   size_t MaxNewSize                               = 1258291200                                {product} {ergonomic}
   size_t MinHeapDeltaBytes                        = 1048576                                   {product} {ergonomic}
    uintx NonNMethodCodeHeapSize                   = 5836300                                {pd product} {ergonomic}
    uintx NonProfiledCodeHeapSize                  = 122910970                              {pd product} {ergonomic}
    uintx ProfiledCodeHeapSize                     = 122910970                              {pd product} {ergonomic}
    uintx ReservedCodeCacheSize                    = 251658240                              {pd product} {ergonomic}
     bool SegmentedCodeCache                       = true                                      {product} {ergonomic}
     bool UseCompressedClassPointers               = true                                 {lp64_product} {ergonomic}
     bool UseCompressedOops                        = true                                 {lp64_product} {ergonomic}
     bool UseG1GC                                  = true                                      {product} {ergonomic}
     bool UseLargePagesIndividualAllocation        = false                                  {pd product} {ergonomic}

Logging:
Log output configuration:
 #0: stdout all=warning uptime,level,tags
 #1: stderr all=off uptime,level,tags

Environment Variables:
PATH=C:\Program Files (x86)\Common Files\Oracle\Java\javapath;C:\Windows\system32;C:\Windows;C:\Windows\System32\Wbem;C:\Windows\System32\WindowsPowerShell\v1.0\;C:\Windows\System32\OpenSSH\;C:\Program Files (x86)\NVIDIA Corporation\PhysX\Common;C:\Program Files\NVIDIA Corporation\NVIDIA NvDLISR;C:\WINDOWS\system32;C:\WINDOWS;C:\WINDOWS\System32\Wbem;C:\WINDOWS\System32\WindowsPowerShell\v1.0\;C:\WINDOWS\System32\OpenSSH\;C:\Program Files\Git\cmd;C:\Users\Аркадий\AppData\Local\Microsoft\WindowsApps;
USERNAME=Аркадий
OS=Windows_NT
PROCESSOR_IDENTIFIER=Intel64 Family 6 Model 126 Stepping 5, GenuineIntel



---------------  S Y S T E M  ---------------

OS: Windows 10 , 64 bit Build 22000 (10.0.22000.675)
OS uptime: 20 days 2:44 hours

CPU:total 8 (initial active 8) (4 cores per cpu, 2 threads per core) family 6 model 126 stepping 5 microcode 0xa6, cmov, cx8, fxsr, mmx, sse, sse2, sse3, ssse3, sse4.1, sse4.2, popcnt, avx, avx2, aes, clmul, erms, 3dnowpref, lzcnt, ht, tsc, tscinvbit, bmi1, bmi2, adx, evex, sha, fma

Memory: 4k page, system-wide physical 7997M (280M free)
TotalPageFile size 32573M (AvailPageFile size 0M)
current process WorkingSet (physical memory assigned to process): 197M, peak: 197M
current process commit charge ("private bytes"): 283M, peak: 283M

vm_info: OpenJDK 64-Bit Server VM (11.0.11+9-b60-7590822) for windows-amd64 JRE (11.0.11+9-b60-7590822), built on Jul 29 2021 21:43:44 by "builder" with MS VC++ 14.0 (VS2015)

END.
