#
# There is insufficient memory for the Java Runtime Environment to continue.
# Native memory allocation (malloc) failed to allocate 2211856 bytes for Chunk::new
# Possible reasons:
#   The system is out of physical RAM or swap space
#   The process is running with CompressedOops enabled, and the Java Heap may be blocking the growth of the native heap
# Possible solutions:
#   Reduce memory load on the system
#   Increase physical memory or swap space
#   Check if swap backing store is full
#   Decrease Java heap size (-Xmx/-Xms)
#   Decrease number of Java threads
#   Decrease Java thread stack sizes (-Xss)
#   Set larger code cache with -XX:ReservedCodeCacheSize=
#   JVM is running with Unscaled Compressed Oops mode in which the Java heap is
#     placed in the first 4GB address space. The Java Heap base address is the
#     maximum limit for the native heap growth. Please use -XX:HeapBaseMinAddress
#     to set the Java Heap base and to place the Java Heap above 4GB virtual address.
# This output file may be truncated or incomplete.
#
#  Out of Memory Error (./src/hotspot/share/memory/arena.cpp:197), pid=139292, tid=125616
#
# JRE version: OpenJDK Runtime Environment (11.0.11+9) (build 11.0.11+9-b60-7590822)
# Java VM: OpenJDK 64-Bit Server VM (11.0.11+9-b60-7590822, mixed mode, tiered, compressed oops, g1 gc, windows-amd64)
# No core dump will be written. Minidumps are not enabled by default on client versions of Windows
#

---------------  S U M M A R Y ------------

Command Line: org.jetbrains.kotlin.cli.jvm.K2JVMCompiler @C:\ProjectsReworks\AlcoholShop\app\build\20220601_2175067390582856176.compiler.options

Host: Intel(R) Core(TM) i5-1035G1 CPU @ 1.00GHz, 8 cores, 7G,  Windows 10 , 64 bit Build 22000 (10.0.22000.675)
Time: Wed Jun  1 21:49:38 2022 Беларусь (зима) elapsed time: 2.784424 seconds (0d 0h 0m 2s)

---------------  T H R E A D  ---------------

Current thread (0x000001ce4c8c5800):  JavaThread "C2 CompilerThread0" daemon [_thread_in_native, id=125616, stack(0x00000002b1c00000,0x00000002b1d00000)]


Current CompileTask:
C2:   2784 1997   !   4       jdk.internal.loader.BuiltinClassLoader::loadClassOrNull (143 bytes)

Stack: [0x00000002b1c00000,0x00000002b1d00000]
Native frames: (J=compiled Java code, j=interpreted, Vv=VM code, C=native code)
V  [jvm.dll+0x5f214a]
V  [jvm.dll+0x726fb5]
V  [jvm.dll+0x7285cd]
V  [jvm.dll+0x728c83]
V  [jvm.dll+0x243278]
V  [jvm.dll+0xbc53c]
V  [jvm.dll+0xbca3c]
V  [jvm.dll+0x353e7d]
V  [jvm.dll+0x321893]
V  [jvm.dll+0x320d8a]
V  [jvm.dll+0x1fc1e2]
V  [jvm.dll+0x1fb3d4]
V  [jvm.dll+0x183d6c]
V  [jvm.dll+0x209a57]
V  [jvm.dll+0x2082a1]
V  [jvm.dll+0x6ef58f]
V  [jvm.dll+0x6e80b5]
V  [jvm.dll+0x5f1036]
C  [ucrtbase.dll+0x26c0c]
C  [KERNEL32.DLL+0x154e0]
C  [ntdll.dll+0x485b]


---------------  P R O C E S S  ---------------

Threads class SMR info:
_java_thread_list=0x000001ce4d39a310, length=10, elements={
0x000001ce3061d000, 0x000001ce4c8a8000, 0x000001ce4c8aa000, 0x000001ce4d248000,
0x000001ce4d24c800, 0x000001ce4d250000, 0x000001ce4c8c5800, 0x000001ce4c8c7000,
0x000001ce4c8d6000, 0x000001ce4d3af000
}

Java Threads: ( => current thread )
  0x000001ce3061d000 JavaThread "main" [_thread_in_vm, id=145592, stack(0x00000002b1000000,0x00000002b1100000)]
  0x000001ce4c8a8000 JavaThread "Reference Handler" daemon [_thread_blocked, id=152016, stack(0x00000002b1700000,0x00000002b1800000)]
  0x000001ce4c8aa000 JavaThread "Finalizer" daemon [_thread_blocked, id=151740, stack(0x00000002b1800000,0x00000002b1900000)]
  0x000001ce4d248000 JavaThread "Signal Dispatcher" daemon [_thread_blocked, id=133556, stack(0x00000002b1900000,0x00000002b1a00000)]
  0x000001ce4d24c800 JavaThread "Attach Listener" daemon [_thread_blocked, id=152096, stack(0x00000002b1a00000,0x00000002b1b00000)]
  0x000001ce4d250000 JavaThread "Service Thread" daemon [_thread_blocked, id=148416, stack(0x00000002b1b00000,0x00000002b1c00000)]
=>0x000001ce4c8c5800 JavaThread "C2 CompilerThread0" daemon [_thread_in_native, id=125616, stack(0x00000002b1c00000,0x00000002b1d00000)]
  0x000001ce4c8c7000 JavaThread "C1 CompilerThread0" daemon [_thread_blocked, id=140552, stack(0x00000002b1d00000,0x00000002b1e00000)]
  0x000001ce4c8d6000 JavaThread "Sweeper thread" daemon [_thread_blocked, id=143148, stack(0x00000002b1e00000,0x00000002b1f00000)]
  0x000001ce4d3af000 JavaThread "Common-Cleaner" daemon [_thread_blocked, id=139496, stack(0x00000002b2000000,0x00000002b2100000)]

Other Threads:
  0x000001ce4c8a6000 VMThread "VM Thread" [stack: 0x00000002b1600000,0x00000002b1700000] [id=150480]
  0x000001ce4d39c800 WatcherThread [stack: 0x00000002b1f00000,0x00000002b2000000] [id=142032]
  0x000001ce30635800 GCTaskThread "GC Thread#0" [stack: 0x00000002b1100000,0x00000002b1200000] [id=151540]
  0x000001ce4d9da800 GCTaskThread "GC Thread#1" [stack: 0x00000002b2100000,0x00000002b2200000] [id=142156]
  0x000001ce4d9bc000 GCTaskThread "GC Thread#2" [stack: 0x00000002b2200000,0x00000002b2300000] [id=148800]
  0x000001ce30665000 ConcurrentGCThread "G1 Main Marker" [stack: 0x00000002b1200000,0x00000002b1300000] [id=150060]
  0x000001ce30667000 ConcurrentGCThread "G1 Conc#0" [stack: 0x00000002b1300000,0x00000002b1400000] [id=148688]
  0x000001ce4db5b000 ConcurrentGCThread "G1 Conc#1" [stack: 0x00000002b2300000,0x00000002b2400000] [id=151884]
  0x000001ce4c6f0800 ConcurrentGCThread "G1 Refine#0" [stack: 0x00000002b1400000,0x00000002b1500000] [id=136152]
  0x000001ce4c6f1000 ConcurrentGCThread "G1 Young RemSet Sampling" [stack: 0x00000002b1500000,0x00000002b1600000] [id=80252]

Threads with active compile tasks:
C2 CompilerThread0   2799 1997   !   4       jdk.internal.loader.BuiltinClassLoader::loadClassOrNull (143 bytes)

VM state:not at safepoint (normal execution)

VM Mutex/Monitor currently owned by a thread: None

Heap address: 0x0000000083000000, size: 2000 MB, Compressed Oops mode: 32-bit
Narrow klass base: 0x0000000000000000, Narrow klass shift: 3
Compressed class space size: 1073741824 Address: 0x0000000100000000

Heap:
 garbage-first heap   total 129024K, used 39216K [0x0000000083000000, 0x0000000100000000)
  region size 1024K, 34 young (34816K), 7 survivors (7168K)
 Metaspace       used 28371K, capacity 28733K, committed 28928K, reserved 1075200K
  class space    used 3114K, capacity 3277K, committed 3328K, reserved 1048576K
Heap Regions: E=young(eden), S=young(survivor), O=old, HS=humongous(starts), HC=humongous(continues), CS=collection set, F=free, A=archive, TAMS=top-at-mark-start (previous, next)
|   0|0x0000000083000000, 0x0000000083100000, 0x0000000083100000|100%|HS|  |TAMS 0x0000000083100000, 0x0000000083000000| Complete 
|   1|0x0000000083100000, 0x0000000083200000, 0x0000000083200000|100%|HC|  |TAMS 0x0000000083200000, 0x0000000083100000| Complete 
|   2|0x0000000083200000, 0x0000000083300000, 0x0000000083300000|100%|HC|  |TAMS 0x0000000083300000, 0x0000000083200000| Complete 
|   3|0x0000000083300000, 0x0000000083400000, 0x0000000083400000|100%|HS|  |TAMS 0x0000000083300000, 0x0000000083300000| Complete 
|   4|0x0000000083400000, 0x0000000083500000, 0x0000000083500000|100%|HC|  |TAMS 0x0000000083400000, 0x0000000083400000| Complete 
|   5|0x0000000083500000, 0x0000000083600000, 0x0000000083600000|100%|HC|  |TAMS 0x0000000083500000, 0x0000000083500000| Complete 
|   6|0x0000000083600000, 0x0000000083600000, 0x0000000083700000|  0%| F|  |TAMS 0x0000000083600000, 0x0000000083600000| Untracked 
|   7|0x0000000083700000, 0x0000000083700000, 0x0000000083800000|  0%| F|  |TAMS 0x0000000083700000, 0x0000000083700000| Untracked 
|   8|0x0000000083800000, 0x0000000083800000, 0x0000000083900000|  0%| F|  |TAMS 0x0000000083800000, 0x0000000083800000| Untracked 
|   9|0x0000000083900000, 0x0000000083900000, 0x0000000083a00000|  0%| F|  |TAMS 0x0000000083900000, 0x0000000083900000| Untracked 
|  10|0x0000000083a00000, 0x0000000083a00000, 0x0000000083b00000|  0%| F|  |TAMS 0x0000000083a00000, 0x0000000083a00000| Untracked 
|  11|0x0000000083b00000, 0x0000000083b00000, 0x0000000083c00000|  0%| F|  |TAMS 0x0000000083b00000, 0x0000000083b00000| Untracked 
|  12|0x0000000083c00000, 0x0000000083c00000, 0x0000000083d00000|  0%| F|  |TAMS 0x0000000083c00000, 0x0000000083c00000| Untracked 
|  13|0x0000000083d00000, 0x0000000083d00000, 0x0000000083e00000|  0%| F|  |TAMS 0x0000000083d00000, 0x0000000083d00000| Untracked 
|  14|0x0000000083e00000, 0x0000000083e00000, 0x0000000083f00000|  0%| F|  |TAMS 0x0000000083e00000, 0x0000000083e00000| Untracked 
|  15|0x0000000083f00000, 0x0000000083f00000, 0x0000000084000000|  0%| F|  |TAMS 0x0000000083f00000, 0x0000000083f00000| Untracked 
|  16|0x0000000084000000, 0x0000000084000000, 0x0000000084100000|  0%| F|  |TAMS 0x0000000084000000, 0x0000000084000000| Untracked 
|  17|0x0000000084100000, 0x0000000084100000, 0x0000000084200000|  0%| F|  |TAMS 0x0000000084100000, 0x0000000084100000| Untracked 
|  18|0x0000000084200000, 0x0000000084200000, 0x0000000084300000|  0%| F|  |TAMS 0x0000000084200000, 0x0000000084200000| Untracked 
|  19|0x0000000084300000, 0x0000000084300000, 0x0000000084400000|  0%| F|  |TAMS 0x0000000084300000, 0x0000000084300000| Untracked 
|  20|0x0000000084400000, 0x0000000084400000, 0x0000000084500000|  0%| F|  |TAMS 0x0000000084400000, 0x0000000084400000| Untracked 
|  21|0x0000000084500000, 0x0000000084500000, 0x0000000084600000|  0%| F|  |TAMS 0x0000000084500000, 0x0000000084500000| Untracked 
|  22|0x0000000084600000, 0x0000000084600000, 0x0000000084700000|  0%| F|  |TAMS 0x0000000084600000, 0x0000000084600000| Untracked 
|  23|0x0000000084700000, 0x0000000084700000, 0x0000000084800000|  0%| F|  |TAMS 0x0000000084700000, 0x0000000084700000| Untracked 
|  24|0x0000000084800000, 0x0000000084800000, 0x0000000084900000|  0%| F|  |TAMS 0x0000000084800000, 0x0000000084800000| Untracked 
|  25|0x0000000084900000, 0x0000000084900000, 0x0000000084a00000|  0%| F|  |TAMS 0x0000000084900000, 0x0000000084900000| Untracked 
|  26|0x0000000084a00000, 0x0000000084a00000, 0x0000000084b00000|  0%| F|  |TAMS 0x0000000084a00000, 0x0000000084a00000| Untracked 
|  27|0x0000000084b00000, 0x0000000084b00000, 0x0000000084c00000|  0%| F|  |TAMS 0x0000000084b00000, 0x0000000084b00000| Untracked 
|  28|0x0000000084c00000, 0x0000000084c00000, 0x0000000084d00000|  0%| F|  |TAMS 0x0000000084c00000, 0x0000000084c00000| Untracked 
|  29|0x0000000084d00000, 0x0000000084d00000, 0x0000000084e00000|  0%| F|  |TAMS 0x0000000084d00000, 0x0000000084d00000| Untracked 
|  30|0x0000000084e00000, 0x0000000084e00000, 0x0000000084f00000|  0%| F|  |TAMS 0x0000000084e00000, 0x0000000084e00000| Untracked 
|  31|0x0000000084f00000, 0x0000000084f00000, 0x0000000085000000|  0%| F|  |TAMS 0x0000000084f00000, 0x0000000084f00000| Untracked 
|  32|0x0000000085000000, 0x0000000085000000, 0x0000000085100000|  0%| F|  |TAMS 0x0000000085000000, 0x0000000085000000| Untracked 
|  33|0x0000000085100000, 0x0000000085100000, 0x0000000085200000|  0%| F|  |TAMS 0x0000000085100000, 0x0000000085100000| Untracked 
|  34|0x0000000085200000, 0x0000000085200000, 0x0000000085300000|  0%| F|  |TAMS 0x0000000085200000, 0x0000000085200000| Untracked 
|  35|0x0000000085300000, 0x0000000085300000, 0x0000000085400000|  0%| F|  |TAMS 0x0000000085300000, 0x0000000085300000| Untracked 
|  36|0x0000000085400000, 0x0000000085400000, 0x0000000085500000|  0%| F|  |TAMS 0x0000000085400000, 0x0000000085400000| Untracked 
|  37|0x0000000085500000, 0x0000000085500000, 0x0000000085600000|  0%| F|  |TAMS 0x0000000085500000, 0x0000000085500000| Untracked 
|  38|0x0000000085600000, 0x0000000085600000, 0x0000000085700000|  0%| F|  |TAMS 0x0000000085600000, 0x0000000085600000| Untracked 
|  39|0x0000000085700000, 0x0000000085700000, 0x0000000085800000|  0%| F|  |TAMS 0x0000000085700000, 0x0000000085700000| Untracked 
|  40|0x0000000085800000, 0x0000000085800000, 0x0000000085900000|  0%| F|  |TAMS 0x0000000085800000, 0x0000000085800000| Untracked 
|  41|0x0000000085900000, 0x0000000085900000, 0x0000000085a00000|  0%| F|  |TAMS 0x0000000085900000, 0x0000000085900000| Untracked 
|  42|0x0000000085a00000, 0x0000000085a00000, 0x0000000085b00000|  0%| F|  |TAMS 0x0000000085a00000, 0x0000000085a00000| Untracked 
|  43|0x0000000085b00000, 0x0000000085b00000, 0x0000000085c00000|  0%| F|  |TAMS 0x0000000085b00000, 0x0000000085b00000| Untracked 
|  44|0x0000000085c00000, 0x0000000085c00000, 0x0000000085d00000|  0%| F|  |TAMS 0x0000000085c00000, 0x0000000085c00000| Untracked 
|  45|0x0000000085d00000, 0x0000000085d00000, 0x0000000085e00000|  0%| F|  |TAMS 0x0000000085d00000, 0x0000000085d00000| Untracked 
|  46|0x0000000085e00000, 0x0000000085e00000, 0x0000000085f00000|  0%| F|  |TAMS 0x0000000085e00000, 0x0000000085e00000| Untracked 
|  47|0x0000000085f00000, 0x0000000085f00000, 0x0000000086000000|  0%| F|  |TAMS 0x0000000085f00000, 0x0000000085f00000| Untracked 
|  48|0x0000000086000000, 0x0000000086000000, 0x0000000086100000|  0%| F|  |TAMS 0x0000000086000000, 0x0000000086000000| Untracked 
|  49|0x0000000086100000, 0x0000000086100000, 0x0000000086200000|  0%| F|  |TAMS 0x0000000086100000, 0x0000000086100000| Untracked 
|  50|0x0000000086200000, 0x0000000086200000, 0x0000000086300000|  0%| F|  |TAMS 0x0000000086200000, 0x0000000086200000| Untracked 
|  51|0x0000000086300000, 0x0000000086300000, 0x0000000086400000|  0%| F|  |TAMS 0x0000000086300000, 0x0000000086300000| Untracked 
|  52|0x0000000086400000, 0x0000000086400000, 0x0000000086500000|  0%| F|  |TAMS 0x0000000086400000, 0x0000000086400000| Untracked 
|  53|0x0000000086500000, 0x0000000086500000, 0x0000000086600000|  0%| F|  |TAMS 0x0000000086500000, 0x0000000086500000| Untracked 
|  54|0x0000000086600000, 0x0000000086600000, 0x0000000086700000|  0%| F|  |TAMS 0x0000000086600000, 0x0000000086600000| Untracked 
|  55|0x0000000086700000, 0x0000000086700000, 0x0000000086800000|  0%| F|  |TAMS 0x0000000086700000, 0x0000000086700000| Untracked 
|  56|0x0000000086800000, 0x0000000086800000, 0x0000000086900000|  0%| F|  |TAMS 0x0000000086800000, 0x0000000086800000| Untracked 
|  57|0x0000000086900000, 0x0000000086900000, 0x0000000086a00000|  0%| F|  |TAMS 0x0000000086900000, 0x0000000086900000| Untracked 
|  58|0x0000000086a00000, 0x0000000086a00000, 0x0000000086b00000|  0%| F|  |TAMS 0x0000000086a00000, 0x0000000086a00000| Untracked 
|  59|0x0000000086b00000, 0x0000000086b00000, 0x0000000086c00000|  0%| F|  |TAMS 0x0000000086b00000, 0x0000000086b00000| Untracked 
|  60|0x0000000086c00000, 0x0000000086c00000, 0x0000000086d00000|  0%| F|  |TAMS 0x0000000086c00000, 0x0000000086c00000| Untracked 
|  61|0x0000000086d00000, 0x0000000086d00000, 0x0000000086e00000|  0%| F|  |TAMS 0x0000000086d00000, 0x0000000086d00000| Untracked 
|  62|0x0000000086e00000, 0x0000000086e00000, 0x0000000086f00000|  0%| F|  |TAMS 0x0000000086e00000, 0x0000000086e00000| Untracked 
|  63|0x0000000086f00000, 0x0000000086f00000, 0x0000000087000000|  0%| F|  |TAMS 0x0000000086f00000, 0x0000000086f00000| Untracked 
|  64|0x0000000087000000, 0x0000000087000000, 0x0000000087100000|  0%| F|  |TAMS 0x0000000087000000, 0x0000000087000000| Untracked 
|  65|0x0000000087100000, 0x0000000087100000, 0x0000000087200000|  0%| F|  |TAMS 0x0000000087100000, 0x0000000087100000| Untracked 
|  66|0x0000000087200000, 0x0000000087200000, 0x0000000087300000|  0%| F|  |TAMS 0x0000000087200000, 0x0000000087200000| Untracked 
|  67|0x0000000087300000, 0x0000000087300000, 0x0000000087400000|  0%| F|  |TAMS 0x0000000087300000, 0x0000000087300000| Untracked 
|  68|0x0000000087400000, 0x0000000087400000, 0x0000000087500000|  0%| F|  |TAMS 0x0000000087400000, 0x0000000087400000| Untracked 
|  69|0x0000000087500000, 0x0000000087500000, 0x0000000087600000|  0%| F|  |TAMS 0x0000000087500000, 0x0000000087500000| Untracked 
|  70|0x0000000087600000, 0x0000000087600000, 0x0000000087700000|  0%| F|  |TAMS 0x0000000087600000, 0x0000000087600000| Untracked 
|  71|0x0000000087700000, 0x0000000087700000, 0x0000000087800000|  0%| F|  |TAMS 0x0000000087700000, 0x0000000087700000| Untracked 
|  72|0x0000000087800000, 0x0000000087800000, 0x0000000087900000|  0%| F|  |TAMS 0x0000000087800000, 0x0000000087800000| Untracked 
|  73|0x0000000087900000, 0x0000000087900000, 0x0000000087a00000|  0%| F|  |TAMS 0x0000000087900000, 0x0000000087900000| Untracked 
|  74|0x0000000087a00000, 0x0000000087a00000, 0x0000000087b00000|  0%| F|  |TAMS 0x0000000087a00000, 0x0000000087a00000| Untracked 
|  75|0x0000000087b00000, 0x0000000087b00000, 0x0000000087c00000|  0%| F|  |TAMS 0x0000000087b00000, 0x0000000087b00000| Untracked 
|  76|0x0000000087c00000, 0x0000000087c00000, 0x0000000087d00000|  0%| F|  |TAMS 0x0000000087c00000, 0x0000000087c00000| Untracked 
|  77|0x0000000087d00000, 0x0000000087d00000, 0x0000000087e00000|  0%| F|  |TAMS 0x0000000087d00000, 0x0000000087d00000| Untracked 
|  78|0x0000000087e00000, 0x0000000087e00000, 0x0000000087f00000|  0%| F|  |TAMS 0x0000000087e00000, 0x0000000087e00000| Untracked 
|  79|0x0000000087f00000, 0x0000000087f00000, 0x0000000088000000|  0%| F|  |TAMS 0x0000000087f00000, 0x0000000087f00000| Untracked 
|  80|0x0000000088000000, 0x000000008804c080, 0x0000000088100000| 29%| S|CS|TAMS 0x0000000088000000, 0x0000000088000000| Complete 
|  81|0x0000000088100000, 0x0000000088200000, 0x0000000088200000|100%| S|CS|TAMS 0x0000000088100000, 0x0000000088100000| Complete 
|  82|0x0000000088200000, 0x0000000088300000, 0x0000000088300000|100%| S|CS|TAMS 0x0000000088200000, 0x0000000088200000| Complete 
|  83|0x0000000088300000, 0x0000000088400000, 0x0000000088400000|100%| S|CS|TAMS 0x0000000088300000, 0x0000000088300000| Complete 
|  84|0x0000000088400000, 0x0000000088500000, 0x0000000088500000|100%| S|CS|TAMS 0x0000000088400000, 0x0000000088400000| Complete 
|  85|0x0000000088500000, 0x0000000088600000, 0x0000000088600000|100%| S|CS|TAMS 0x0000000088500000, 0x0000000088500000| Complete 
|  86|0x0000000088600000, 0x0000000088700000, 0x0000000088700000|100%| S|CS|TAMS 0x0000000088600000, 0x0000000088600000| Complete 
|  87|0x0000000088700000, 0x0000000088700000, 0x0000000088800000|  0%| F|  |TAMS 0x0000000088700000, 0x0000000088700000| Untracked 
|  88|0x0000000088800000, 0x0000000088800000, 0x0000000088900000|  0%| F|  |TAMS 0x0000000088800000, 0x0000000088800000| Untracked 
|  89|0x0000000088900000, 0x0000000088900000, 0x0000000088a00000|  0%| F|  |TAMS 0x0000000088900000, 0x0000000088900000| Untracked 
|  90|0x0000000088a00000, 0x0000000088a00000, 0x0000000088b00000|  0%| F|  |TAMS 0x0000000088a00000, 0x0000000088a00000| Untracked 
|  91|0x0000000088b00000, 0x0000000088b00000, 0x0000000088c00000|  0%| F|  |TAMS 0x0000000088b00000, 0x0000000088b00000| Untracked 
|  92|0x0000000088c00000, 0x0000000088c00000, 0x0000000088d00000|  0%| F|  |TAMS 0x0000000088c00000, 0x0000000088c00000| Untracked 
|  93|0x0000000088d00000, 0x0000000088d00000, 0x0000000088e00000|  0%| F|  |TAMS 0x0000000088d00000, 0x0000000088d00000| Untracked 
|  94|0x0000000088e00000, 0x0000000088e00000, 0x0000000088f00000|  0%| F|  |TAMS 0x0000000088e00000, 0x0000000088e00000| Untracked 
|  95|0x0000000088f00000, 0x0000000088f00000, 0x0000000089000000|  0%| F|  |TAMS 0x0000000088f00000, 0x0000000088f00000| Untracked 
|  96|0x0000000089000000, 0x0000000089000000, 0x0000000089100000|  0%| F|  |TAMS 0x0000000089000000, 0x0000000089000000| Untracked 
|  97|0x0000000089100000, 0x0000000089100000, 0x0000000089200000|  0%| F|  |TAMS 0x0000000089100000, 0x0000000089100000| Untracked 
|  98|0x0000000089200000, 0x0000000089200000, 0x0000000089300000|  0%| F|  |TAMS 0x0000000089200000, 0x0000000089200000| Untracked 
|  99|0x0000000089300000, 0x0000000089383c10, 0x0000000089400000| 51%| E|  |TAMS 0x0000000089300000, 0x0000000089300000| Complete 
| 100|0x0000000089400000, 0x0000000089500000, 0x0000000089500000|100%| E|CS|TAMS 0x0000000089400000, 0x0000000089400000| Complete 
| 101|0x0000000089500000, 0x0000000089600000, 0x0000000089600000|100%| E|CS|TAMS 0x0000000089500000, 0x0000000089500000| Complete 
| 102|0x0000000089600000, 0x0000000089700000, 0x0000000089700000|100%| E|CS|TAMS 0x0000000089600000, 0x0000000089600000| Complete 
| 103|0x0000000089700000, 0x0000000089800000, 0x0000000089800000|100%| E|CS|TAMS 0x0000000089700000, 0x0000000089700000| Complete 
| 104|0x0000000089800000, 0x0000000089900000, 0x0000000089900000|100%| E|CS|TAMS 0x0000000089800000, 0x0000000089800000| Complete 
| 105|0x0000000089900000, 0x0000000089a00000, 0x0000000089a00000|100%| E|CS|TAMS 0x0000000089900000, 0x0000000089900000| Complete 
| 106|0x0000000089a00000, 0x0000000089b00000, 0x0000000089b00000|100%| E|CS|TAMS 0x0000000089a00000, 0x0000000089a00000| Complete 
| 107|0x0000000089b00000, 0x0000000089c00000, 0x0000000089c00000|100%| E|CS|TAMS 0x0000000089b00000, 0x0000000089b00000| Complete 
| 108|0x0000000089c00000, 0x0000000089d00000, 0x0000000089d00000|100%| E|CS|TAMS 0x0000000089c00000, 0x0000000089c00000| Complete 
| 109|0x0000000089d00000, 0x0000000089e00000, 0x0000000089e00000|100%| E|CS|TAMS 0x0000000089d00000, 0x0000000089d00000| Complete 
| 110|0x0000000089e00000, 0x0000000089f00000, 0x0000000089f00000|100%| E|CS|TAMS 0x0000000089e00000, 0x0000000089e00000| Complete 
| 111|0x0000000089f00000, 0x000000008a000000, 0x000000008a000000|100%| E|CS|TAMS 0x0000000089f00000, 0x0000000089f00000| Complete 
| 112|0x000000008a000000, 0x000000008a100000, 0x000000008a100000|100%| E|CS|TAMS 0x000000008a000000, 0x000000008a000000| Complete 
| 113|0x000000008a100000, 0x000000008a200000, 0x000000008a200000|100%| E|CS|TAMS 0x000000008a100000, 0x000000008a100000| Complete 
| 114|0x000000008a200000, 0x000000008a300000, 0x000000008a300000|100%| E|CS|TAMS 0x000000008a200000, 0x000000008a200000| Complete 
| 115|0x000000008a300000, 0x000000008a400000, 0x000000008a400000|100%| E|CS|TAMS 0x000000008a300000, 0x000000008a300000| Complete 
| 116|0x000000008a400000, 0x000000008a500000, 0x000000008a500000|100%| E|CS|TAMS 0x000000008a400000, 0x000000008a400000| Complete 
| 117|0x000000008a500000, 0x000000008a600000, 0x000000008a600000|100%| E|CS|TAMS 0x000000008a500000, 0x000000008a500000| Complete 
| 118|0x000000008a600000, 0x000000008a700000, 0x000000008a700000|100%| E|CS|TAMS 0x000000008a600000, 0x000000008a600000| Complete 
| 119|0x000000008a700000, 0x000000008a800000, 0x000000008a800000|100%| E|CS|TAMS 0x000000008a700000, 0x000000008a700000| Complete 
| 120|0x000000008a800000, 0x000000008a900000, 0x000000008a900000|100%| E|CS|TAMS 0x000000008a800000, 0x000000008a800000| Complete 
| 121|0x000000008a900000, 0x000000008aa00000, 0x000000008aa00000|100%| E|CS|TAMS 0x000000008a900000, 0x000000008a900000| Complete 
| 122|0x000000008aa00000, 0x000000008ab00000, 0x000000008ab00000|100%| E|CS|TAMS 0x000000008aa00000, 0x000000008aa00000| Complete 
| 123|0x000000008ab00000, 0x000000008ac00000, 0x000000008ac00000|100%| E|CS|TAMS 0x000000008ab00000, 0x000000008ab00000| Complete 
| 124|0x000000008ac00000, 0x000000008ad00000, 0x000000008ad00000|100%| E|CS|TAMS 0x000000008ac00000, 0x000000008ac00000| Complete 
| 125|0x000000008ad00000, 0x000000008ae00000, 0x000000008ae00000|100%| E|CS|TAMS 0x000000008ad00000, 0x000000008ad00000| Complete 

Card table byte_map: [0x000001ce45770000,0x000001ce45b60000] _byte_map_base: 0x000001ce45358000

Marking Bits (Prev, Next): (CMBitMap*) 0x000001ce3065c370, (CMBitMap*) 0x000001ce3065c338
 Prev Bits: [0x000001ce47e90000, 0x000001ce49dd0000)
 Next Bits: [0x000001ce45f50000, 0x000001ce47e90000)

Polling page: 0x000001ce30700000

Metaspace:

Usage:
  Non-class:     24.99 MB capacity,    24.71 MB ( 99%) used,   240.74 KB ( <1%) free+waste,    45.06 KB ( <1%) overhead. 
      Class:      3.20 MB capacity,     3.04 MB ( 95%) used,   139.82 KB (  4%) free+waste,    21.38 KB ( <1%) overhead. 
       Both:     28.19 MB capacity,    27.75 MB ( 98%) used,   380.56 KB (  1%) free+waste,    66.44 KB ( <1%) overhead. 

Virtual space:
  Non-class space:       26.00 MB reserved,      25.00 MB ( 96%) committed 
      Class space:        1.00 GB reserved,       3.25 MB ( <1%) committed 
             Both:        1.03 GB reserved,      28.25 MB (  3%) committed 

Chunk freelists:
   Non-Class:  12.00 KB
       Class:  17.00 KB
        Both:  29.00 KB

MaxMetaspaceSize: 17179869184.00 GB
CompressedClassSpaceSize: 1.00 GB

CodeHeap 'non-profiled nmethods': size=120000Kb used=655Kb max_used=655Kb free=119344Kb
 bounds [0x000001ce3d3c0000, 0x000001ce3d630000, 0x000001ce448f0000]
CodeHeap 'profiled nmethods': size=120000Kb used=3716Kb max_used=3716Kb free=116283Kb
 bounds [0x000001ce35e90000, 0x000001ce36240000, 0x000001ce3d3c0000]
CodeHeap 'non-nmethods': size=5760Kb used=1180Kb max_used=1190Kb free=4579Kb
 bounds [0x000001ce358f0000, 0x000001ce35b60000, 0x000001ce35e90000]
 total_blobs=2552 nmethods=2041 adapters=422
 compilation: enabled
              stopped_count=0, restarted_count=0
 full_count=0

Compilation events (20 events):
Event: 2.762 Thread 0x000001ce4c8c7000 2032       3       java.lang.invoke.DirectMethodHandle::<init> (141 bytes)
Event: 2.764 Thread 0x000001ce4c8c7000 nmethod 2032 0x000001ce36226690 code [0x000001ce36226980, 0x000001ce36227a48]
Event: 2.764 Thread 0x000001ce4c8c7000 2033       1       java.lang.reflect.Constructor::getConstructorAccessor (5 bytes)
Event: 2.764 Thread 0x000001ce4c8c7000 nmethod 2033 0x000001ce3d463090 code [0x000001ce3d463240, 0x000001ce3d4632f8]
Event: 2.764 Thread 0x000001ce4c8c7000 2034       1       jdk.internal.reflect.DelegatingConstructorAccessorImpl::setDelegate (6 bytes)
Event: 2.764 Thread 0x000001ce4c8c7000 nmethod 2034 0x000001ce3d463390 code [0x000001ce3d463540, 0x000001ce3d463638]
Event: 2.769 Thread 0x000001ce4c8c7000 2036       3       java.lang.invoke.DirectMethodHandle::make (263 bytes)
Event: 2.771 Thread 0x000001ce4c8c7000 nmethod 2036 0x000001ce36227f90 code [0x000001ce36228340, 0x000001ce36229868]
Event: 2.771 Thread 0x000001ce4c8c7000 2037       3       java.lang.invoke.MemberName::isField (7 bytes)
Event: 2.771 Thread 0x000001ce4c8c7000 nmethod 2037 0x000001ce3622a190 code [0x000001ce3622a340, 0x000001ce3622a578]
Event: 2.776 Thread 0x000001ce4c8c7000 2038       1       java.lang.invoke.MethodHandleNatives::isPullModeBSM (2 bytes)
Event: 2.776 Thread 0x000001ce4c8c7000 nmethod 2038 0x000001ce3d463890 code [0x000001ce3d463a40, 0x000001ce3d463ad8]
Event: 2.776 Thread 0x000001ce4c8c7000 2039       3       java.lang.invoke.AbstractValidatingLambdaMetafactory::isAdaptableTo (126 bytes)
Event: 2.777 Thread 0x000001ce4c8c7000 nmethod 2039 0x000001ce3622a690 code [0x000001ce3622a920, 0x000001ce3622b2c8]
Event: 2.777 Thread 0x000001ce4c8c7000 2040       3       java.lang.invoke.ConstantCallSite::getTarget (20 bytes)
Event: 2.777 Thread 0x000001ce4c8c7000 nmethod 2040 0x000001ce3622b690 code [0x000001ce3622b860, 0x000001ce3622ba68]
Event: 2.778 Thread 0x000001ce4c8c7000 2042       3       java.lang.StringBuilder::append (8 bytes)
Event: 2.778 Thread 0x000001ce4c8c7000 nmethod 2042 0x000001ce3622bb90 code [0x000001ce3622bd40, 0x000001ce3622be88]
Event: 2.778 Thread 0x000001ce4c8c7000 2043       3       jdk.internal.org.objectweb.asm.MethodWriter::noSuccessor (95 bytes)
Event: 2.778 Thread 0x000001ce4c8c7000 nmethod 2043 0x000001ce3622bf10 code [0x000001ce3622c120, 0x000001ce3622c728]

GC Heap History (4 events):
Event: 0.828 GC heap before
{Heap before GC invocations=0 (full 0):
 garbage-first heap   total 129024K, used 27648K [0x0000000083000000, 0x0000000100000000)
  region size 1024K, 24 young (24576K), 0 survivors (0K)
 Metaspace       used 12299K, capacity 12408K, committed 12544K, reserved 1060864K
  class space    used 1159K, capacity 1175K, committed 1280K, reserved 1048576K
}
Event: 0.833 GC heap after
{Heap after GC invocations=1 (full 0):
 garbage-first heap   total 129024K, used 5928K [0x0000000083000000, 0x0000000100000000)
  region size 1024K, 3 young (3072K), 3 survivors (3072K)
 Metaspace       used 12299K, capacity 12408K, committed 12544K, reserved 1060864K
  class space    used 1159K, capacity 1175K, committed 1280K, reserved 1048576K
}
Event: 1.952 GC heap before
{Heap before GC invocations=1 (full 0):
 garbage-first heap   total 129024K, used 41768K [0x0000000083000000, 0x0000000100000000)
  region size 1024K, 39 young (39936K), 3 survivors (3072K)
 Metaspace       used 20730K, capacity 20977K, committed 21248K, reserved 1069056K
  class space    used 2200K, capacity 2274K, committed 2304K, reserved 1048576K
}
Event: 1.970 GC heap after
{Heap after GC invocations=2 (full 0):
 garbage-first heap   total 129024K, used 9520K [0x0000000083000000, 0x0000000100000000)
  region size 1024K, 7 young (7168K), 7 survivors (7168K)
 Metaspace       used 20730K, capacity 20977K, committed 21248K, reserved 1069056K
  class space    used 2200K, capacity 2274K, committed 2304K, reserved 1048576K
}

Deoptimization events (20 events):
Event: 2.558 Thread 0x000001ce3061d000 Uncommon trap: trap_request=0xffffff4d fr.pc=0x000001ce3d3d7518 relative=0x0000000000000458
Event: 2.558 Thread 0x000001ce3061d000 Uncommon trap: reason=unstable_if action=reinterpret pc=0x000001ce3d3d7518 method=java.lang.String.getBytes([BIB)V @ 5 c2
Event: 2.558 Thread 0x000001ce3061d000 DEOPT PACKING pc=0x000001ce3d3d7518 sp=0x00000002b10fdaa0
Event: 2.558 Thread 0x000001ce3061d000 DEOPT UNPACKING pc=0x000001ce358f83af sp=0x00000002b10fd940 mode 2
Event: 2.558 Thread 0x000001ce3061d000 Uncommon trap: trap_request=0xffffff4d fr.pc=0x000001ce3d3de11c relative=0x000000000000045c
Event: 2.558 Thread 0x000001ce3061d000 Uncommon trap: reason=unstable_if action=reinterpret pc=0x000001ce3d3de11c method=java.lang.String.getBytes([BIB)V @ 5 c2
Event: 2.558 Thread 0x000001ce3061d000 DEOPT PACKING pc=0x000001ce3d3de11c sp=0x00000002b10fda50
Event: 2.558 Thread 0x000001ce3061d000 DEOPT UNPACKING pc=0x000001ce358f83af sp=0x00000002b10fd948 mode 2
Event: 2.558 Thread 0x000001ce3061d000 Uncommon trap: trap_request=0xffffff4d fr.pc=0x000001ce3d3dc76c relative=0x00000000000000cc
Event: 2.558 Thread 0x000001ce3061d000 Uncommon trap: reason=unstable_if action=reinterpret pc=0x000001ce3d3dc76c method=java.lang.String.getBytes([BIB)V @ 5 c2
Event: 2.558 Thread 0x000001ce3061d000 DEOPT PACKING pc=0x000001ce3d3dc76c sp=0x00000002b10fd980
Event: 2.558 Thread 0x000001ce3061d000 DEOPT UNPACKING pc=0x000001ce358f83af sp=0x00000002b10fd928 mode 2
Event: 2.561 Thread 0x000001ce3061d000 Uncommon trap: trap_request=0xffffff4d fr.pc=0x000001ce3d4380e8 relative=0x00000000000005a8
Event: 2.561 Thread 0x000001ce3061d000 Uncommon trap: reason=unstable_if action=reinterpret pc=0x000001ce3d4380e8 method=java.lang.Integer.getChars(II[B)I @ 25 c2
Event: 2.561 Thread 0x000001ce3061d000 DEOPT PACKING pc=0x000001ce3d4380e8 sp=0x00000002b10fe7e0
Event: 2.561 Thread 0x000001ce3061d000 DEOPT UNPACKING pc=0x000001ce358f83af sp=0x00000002b10fe6d0 mode 2
Event: 2.686 Thread 0x000001ce3061d000 Uncommon trap: trap_request=0xffffff4d fr.pc=0x000001ce3d425a00 relative=0x0000000000000260
Event: 2.686 Thread 0x000001ce3061d000 Uncommon trap: reason=unstable_if action=reinterpret pc=0x000001ce3d425a00 method=java.lang.String.startsWith(Ljava/lang/String;I)Z @ 1 c2
Event: 2.686 Thread 0x000001ce3061d000 DEOPT PACKING pc=0x000001ce3d425a00 sp=0x00000002b10fe070
Event: 2.686 Thread 0x000001ce3061d000 DEOPT UNPACKING pc=0x000001ce358f83af sp=0x00000002b10fdfe0 mode 2

Classes redefined (0 events):
No events

Internal exceptions (20 events):
Event: 1.981 Thread 0x000001ce3061d000 Exception <a 'java/lang/NoSuchMethodError'{0x000000008ad32518}: 'long java.lang.invoke.DirectMethodHandle$Holder.invokeStatic(java.lang.Object)'> (0x000000008ad32518) thrown at [./src/hotspot/share/interpreter/linkResolver.cpp, line 773]
Event: 1.981 Thread 0x000001ce3061d000 Exception <a 'java/lang/NoSuchMethodError'{0x000000008ad35370}: 'long java.lang.invoke.DirectMethodHandle$Holder.invokeStaticInit(java.lang.Object)'> (0x000000008ad35370) thrown at [./src/hotspot/share/interpreter/linkResolver.cpp, line 773]
Event: 2.078 Thread 0x000001ce3061d000 Exception <a 'java/lang/NoSuchMethodError'{0x000000008a96b808}: 'int java.lang.invoke.DirectMethodHandle$Holder.invokeStaticInit(java.lang.Object, java.lang.Object, java.lang.Object)'> (0x000000008a96b808) thrown at [./src/hotspot/share/interpreter/linkResolver.cpp, line 773]
Event: 2.085 Thread 0x000001ce3061d000 Exception <a 'java/lang/NoSuchMethodError'{0x000000008a998148}: 'int java.lang.invoke.DirectMethodHandle$Holder.invokeStaticInit(java.lang.Object, java.lang.Object)'> (0x000000008a998148) thrown at [./src/hotspot/share/interpreter/linkResolver.cpp, line 773]
Event: 2.202 Thread 0x000001ce3061d000 Exception <a 'java/lang/NoSuchMethodError'{0x000000008a7be030}: 'void java.lang.invoke.DirectMethodHandle$Holder.invokeSpecial(java.lang.Object, java.lang.Object)'> (0x000000008a7be030) thrown at [./src/hotspot/share/interpreter/linkResolver.cpp, line 773]
Event: 2.494 Thread 0x000001ce3061d000 Exception <a 'java/lang/NoSuchMethodError'{0x0000000089e553f0}: 'java.lang.Object java.lang.invoke.DirectMethodHandle$Holder.invokeStatic(java.lang.Object, java.lang.Object, java.lang.Object, java.lang.Object, java.lang.Object, java.lang.Object, java.lang.Object, java.lang.Object, java.lang.Object, java.lang.Object, java.lang.Object, java.lang.Object, java.lang.Object, java.lang.Object, java.lang.Object)'> (0x0000000089e553f0) thrown at [./src/hotspot/share/interpreter/linkResolver.cpp, line 773]
Event: 2.496 Thread 0x000001ce3061d000 Exception <a 'java/lang/NoSuchMethodError'{0x0000000089e63690}: 'java.lang.Object java.lang.invoke.DirectMethodHandle$Holder.invokeStatic(java.lang.Object, java.lang.Object, java.lang.Object, java.lang.Object, java.lang.Object, java.lang.Object, java.lang.Object, java.lang.Object, java.lang.Object, java.lang.Object, java.lang.Object, java.lang.Object, java.lang.Object, java.lang.Object, java.lang.Object, java.lang.Object)'> (0x0000000089e63690) thrown at [./src/hotspot/share/interpreter/linkResolver.cpp, l
Event: 2.498 Thread 0x000001ce3061d000 Exception <a 'java/lang/NoSuchMethodError'{0x0000000089e715a8}: 'java.lang.Object java.lang.invoke.DirectMethodHandle$Holder.invokeSpecial(java.lang.Object, java.lang.Object, int, int, java.lang.Object, java.lang.Object, java.lang.Object)'> (0x0000000089e715a8) thrown at [./src/hotspot/share/interpreter/linkResolver.cpp, line 773]
Event: 2.498 Thread 0x000001ce3061d000 Exception <a 'java/lang/NoSuchMethodError'{0x0000000089e74de0}: 'java.lang.Object java.lang.invoke.DelegatingMethodHandle$Holder.reinvoke_L(java.lang.Object, int, int, java.lang.Object, java.lang.Object, java.lang.Object)'> (0x0000000089e74de0) thrown at [./src/hotspot/share/interpreter/linkResolver.cpp, line 773]
Event: 2.499 Thread 0x000001ce3061d000 Exception <a 'java/lang/NoSuchMethodError'{0x0000000089e79168}: 'java.lang.Object java.lang.invoke.DirectMethodHandle$Holder.invokeStatic(java.lang.Object, java.lang.Object, java.lang.Object, java.lang.Object, int)'> (0x0000000089e79168) thrown at [./src/hotspot/share/interpreter/linkResolver.cpp, line 773]
Event: 2.559 Thread 0x000001ce3061d000 Exception <a 'sun/nio/fs/WindowsException'{0x0000000089dbe818}> (0x0000000089dbe818) thrown at [./src/hotspot/share/prims/jni.cpp, line 615]
Event: 2.560 Thread 0x000001ce3061d000 Exception <a 'sun/nio/fs/WindowsException'{0x0000000089dbf1b8}> (0x0000000089dbf1b8) thrown at [./src/hotspot/share/prims/jni.cpp, line 615]
Event: 2.560 Thread 0x000001ce3061d000 Exception <a 'sun/nio/fs/WindowsException'{0x0000000089dbfb78}> (0x0000000089dbfb78) thrown at [./src/hotspot/share/prims/jni.cpp, line 615]
Event: 2.560 Thread 0x000001ce3061d000 Exception <a 'sun/nio/fs/WindowsException'{0x0000000089dc0738}> (0x0000000089dc0738) thrown at [./src/hotspot/share/prims/jni.cpp, line 615]
Event: 2.560 Thread 0x000001ce3061d000 Exception <a 'sun/nio/fs/WindowsException'{0x0000000089dc1248}> (0x0000000089dc1248) thrown at [./src/hotspot/share/prims/jni.cpp, line 615]
Event: 2.560 Thread 0x000001ce3061d000 Exception <a 'sun/nio/fs/WindowsException'{0x0000000089dc1db8}> (0x0000000089dc1db8) thrown at [./src/hotspot/share/prims/jni.cpp, line 615]
Event: 2.564 Thread 0x000001ce3061d000 Exception <a 'java/lang/NoSuchMethodError'{0x0000000089dca080}: 'void java.lang.invoke.DirectMethodHandle$Holder.invokeStatic(java.lang.Object, java.lang.Object, java.lang.Object, java.lang.Object)'> (0x0000000089dca080) thrown at [./src/hotspot/share/interpreter/linkResolver.cpp, line 773]
Event: 2.657 Thread 0x000001ce3061d000 Exception <a 'java/lang/NoSuchMethodError'{0x00000000899bd0f0}: 'void java.lang.invoke.DirectMethodHandle$Holder.invokeStaticInit(java.lang.Object, java.lang.Object)'> (0x00000000899bd0f0) thrown at [./src/hotspot/share/interpreter/linkResolver.cpp, line 773]
Event: 2.766 Thread 0x000001ce3061d000 Exception <a 'java/lang/NoSuchMethodError'{0x00000000895f04b8}: 'void java.lang.invoke.DirectMethodHandle$Holder.invokeVirtual(java.lang.Object, java.lang.Object)'> (0x00000000895f04b8) thrown at [./src/hotspot/share/interpreter/linkResolver.cpp, line 773]
Event: 2.777 Thread 0x000001ce3061d000 Exception <a 'java/lang/NoSuchMethodError'{0x0000000089471b38}: 'int java.lang.invoke.DirectMethodHandle$Holder.invokeVirtual(java.lang.Object, java.lang.Object)'> (0x0000000089471b38) thrown at [./src/hotspot/share/interpreter/linkResolver.cpp, line 773]

Events (20 events):
Event: 2.776 loading class org/jetbrains/kotlin/extensions/PreprocessedFileCreator$validExts$2
Event: 2.776 loading class org/jetbrains/kotlin/extensions/PreprocessedFileCreator$validExts$2 done
Event: 2.778 loading class kotlin/io/FilesKt
Event: 2.778 loading class kotlin/io/FilesKt done
Event: 2.778 loading class kotlin/io/FilesKt__UtilsKt
Event: 2.778 loading class kotlin/io/FilesKt__UtilsKt done
Event: 2.779 loading class kotlin/io/FilesKt__FileTreeWalkKt
Event: 2.779 loading class kotlin/io/FilesKt__FileTreeWalkKt done
Event: 2.779 loading class kotlin/io/FilesKt__FileReadWriteKt
Event: 2.779 loading class kotlin/io/FilesKt__FileReadWriteKt done
Event: 2.780 loading class kotlin/io/FilesKt__FilePathComponentsKt
Event: 2.780 loading class kotlin/io/FilesKt__FilePathComponentsKt done
Event: 2.781 loading class kotlin/io/FileWalkDirection
Event: 2.781 loading class kotlin/io/FileWalkDirection done
Event: 2.781 loading class kotlin/io/FileTreeWalk
Event: 2.781 loading class kotlin/io/FileTreeWalk done
Event: 2.781 loading class kotlin/io/FileTreeWalk$FileTreeWalkIterator
Event: 2.781 loading class kotlin/io/FileTreeWalk$FileTreeWalkIterator done
Event: 2.782 loading class kotlin/collections/AbstractIterator
Event: 2.782 loading class kotlin/collections/AbstractIterator done


Dynamic libraries:
0x00007ff66a440000 - 0x00007ff66a44a000 	C:\AndroidStudio\jre\bin\java.exe
0x00007ffb48d60000 - 0x00007ffb48f69000 	C:\WINDOWS\SYSTEM32\ntdll.dll
0x00007ffb46ef0000 - 0x00007ffb46fad000 	C:\WINDOWS\System32\KERNEL32.DLL
0x00007ffb464e0000 - 0x00007ffb46859000 	C:\WINDOWS\System32\KERNELBASE.dll
0x00007ffb46250000 - 0x00007ffb46361000 	C:\WINDOWS\System32\ucrtbase.dll
0x00007ffb32080000 - 0x00007ffb32097000 	C:\AndroidStudio\jre\bin\VCRUNTIME140.dll
0x00007ffb35d50000 - 0x00007ffb35d69000 	C:\AndroidStudio\jre\bin\jli.dll
0x00007ffb48510000 - 0x00007ffb486bc000 	C:\WINDOWS\System32\USER32.dll
0x00007ffb46370000 - 0x00007ffb46396000 	C:\WINDOWS\System32\win32u.dll
0x00007ffb300f0000 - 0x00007ffb30395000 	C:\WINDOWS\WinSxS\amd64_microsoft.windows.common-controls_6595b64144ccf1df_6.0.22000.120_none_9d947278b86cc467\COMCTL32.dll
0x00007ffb47550000 - 0x00007ffb47579000 	C:\WINDOWS\System32\GDI32.dll
0x00007ffb46d50000 - 0x00007ffb46df3000 	C:\WINDOWS\System32\msvcrt.dll
0x00007ffb46860000 - 0x00007ffb46972000 	C:\WINDOWS\System32\gdi32full.dll
0x00007ffb469f0000 - 0x00007ffb46a8d000 	C:\WINDOWS\System32\msvcp_win.dll
0x00007ffb46d10000 - 0x00007ffb46d41000 	C:\WINDOWS\System32\IMM32.DLL
0x00007ffb0ab10000 - 0x00007ffb0abad000 	C:\AndroidStudio\jre\bin\msvcp140.dll
0x00007ffade960000 - 0x00007ffadf435000 	C:\AndroidStudio\jre\bin\server\jvm.dll
0x00007ffb47610000 - 0x00007ffb476be000 	C:\WINDOWS\System32\ADVAPI32.dll
0x00007ffb46c00000 - 0x00007ffb46c9e000 	C:\WINDOWS\System32\sechost.dll
0x00007ffb47760000 - 0x00007ffb47880000 	C:\WINDOWS\System32\RPCRT4.dll
0x00007ffb47590000 - 0x00007ffb47598000 	C:\WINDOWS\System32\PSAPI.DLL
0x00007ffb427c0000 - 0x00007ffb427c9000 	C:\WINDOWS\SYSTEM32\WSOCK32.dll
0x00007ffb41160000 - 0x00007ffb41193000 	C:\WINDOWS\SYSTEM32\WINMM.dll
0x00007ffb475a0000 - 0x00007ffb4760f000 	C:\WINDOWS\System32\WS2_32.dll
0x00007ffb3e860000 - 0x00007ffb3e86a000 	C:\WINDOWS\SYSTEM32\VERSION.dll
0x00007ffb45440000 - 0x00007ffb45458000 	C:\WINDOWS\SYSTEM32\kernel.appcore.dll
0x00007ffb1e330000 - 0x00007ffb1e341000 	C:\AndroidStudio\jre\bin\verify.dll
0x00007ffb43da0000 - 0x00007ffb43fc1000 	C:\WINDOWS\SYSTEM32\DBGHELP.DLL
0x00007ffb27910000 - 0x00007ffb27941000 	C:\WINDOWS\SYSTEM32\dbgcore.DLL
0x00007ffb463a0000 - 0x00007ffb4641f000 	C:\WINDOWS\System32\bcryptPrimitives.dll
0x00007ffb1b150000 - 0x00007ffb1b179000 	C:\AndroidStudio\jre\bin\java.dll
0x00007ffb34830000 - 0x00007ffb3483b000 	C:\AndroidStudio\jre\bin\jimage.dll
0x00007ffb12b50000 - 0x00007ffb12b68000 	C:\AndroidStudio\jre\bin\zip.dll
0x00007ffb47a50000 - 0x00007ffb481ff000 	C:\WINDOWS\System32\SHELL32.dll
0x00007ffb443c0000 - 0x00007ffb44c28000 	C:\WINDOWS\SYSTEM32\windows.storage.dll
0x00007ffb471d0000 - 0x00007ffb47548000 	C:\WINDOWS\System32\combase.dll
0x00007ffb44250000 - 0x00007ffb443b6000 	C:\WINDOWS\SYSTEM32\wintypes.dll
0x00007ffb483a0000 - 0x00007ffb4848a000 	C:\WINDOWS\System32\SHCORE.dll
0x00007ffb47170000 - 0x00007ffb471cd000 	C:\WINDOWS\System32\shlwapi.dll
0x00007ffb46180000 - 0x00007ffb461a1000 	C:\WINDOWS\SYSTEM32\profapi.dll
0x00007ffb12b30000 - 0x00007ffb12b4a000 	C:\AndroidStudio\jre\bin\net.dll
0x00007ffb3fa70000 - 0x00007ffb3fb7c000 	C:\WINDOWS\SYSTEM32\WINHTTP.dll
0x00007ffb45870000 - 0x00007ffb458d7000 	C:\WINDOWS\system32\mswsock.dll
0x00007ffb0d9c0000 - 0x00007ffb0d9d4000 	C:\AndroidStudio\jre\bin\nio.dll

dbghelp: loaded successfully - version: 4.0.5 - missing functions: none
symbol engine: initialized successfully - sym options: 0x614 - pdb path: .;C:\AndroidStudio\jre\bin;C:\WINDOWS\SYSTEM32;C:\WINDOWS\WinSxS\amd64_microsoft.windows.common-controls_6595b64144ccf1df_6.0.22000.120_none_9d947278b86cc467;C:\AndroidStudio\jre\bin\server

VM Arguments:
java_command: org.jetbrains.kotlin.cli.jvm.K2JVMCompiler @C:\ProjectsReworks\AlcoholShop\app\build\20220601_2175067390582856176.compiler.options
java_class_path (initial): C:\Users\Аркадий\.gradle\caches\modules-2\files-2.1\org.jetbrains.kotlin\kotlin-compiler-embeddable\1.6.21\97bdd5a752ce73b58ef16c17bc7f0ea2faff7a2e\kotlin-compiler-embeddable-1.6.21.jar;C:\Users\Аркадий\.gradle\caches\modules-2\files-2.1\org.jetbrains.kotlin\kotlin-reflect\1.6.21\5dc3574d9b7bebfcb4ec6b10ada4aaa9e140bd0b\kotlin-reflect-1.6.21.jar;C:\Users\Аркадий\.gradle\caches\modules-2\files-2.1\org.jetbrains.kotlin\kotlin-stdlib\1.6.21\11ef67f1900634fd951bad28c53ec957fabbe5b8\kotlin-stdlib-1.6.21.jar;C:\Users\Аркадий\.gradle\caches\modules-2\files-2.1\org.jetbrains.kotlin\kotlin-script-runtime\1.6.21\99c6675100da5d6d5b1c5a1032f27f28008d101b\kotlin-script-runtime-1.6.21.jar;C:\Users\Аркадий\.gradle\caches\modules-2\files-2.1\org.jetbrains.kotlin\kotlin-daemon-embeddable\1.6.21\46b78cf392e1c4f10854c3cadba44abb7b82250f\kotlin-daemon-embeddable-1.6.21.jar;C:\Users\Аркадий\.gradle\caches\modules-2\files-2.1\org.jetbrains.intellij.deps\trove4j\1.0.20200330\3afb14d5f9ceb459d724e907a21145e8ff394f02\trove4j-1.0.20200330.jar;C:\Users\Аркадий\.gradle\caches\modules-2\files-2.1\net.java.dev.jna\jna\5.6.0\330f2244e9030119ab3030fc3fededc86713d9cc\jna-5.6.0.jar;C:\Users\Аркадий\.gradle\caches\modules-2\files-2.1\org.jetbrains.kotlin\kotlin-stdlib-common\1.6.21\5e5b55c26dbc80372a920aef60eb774b714559b8\kotlin-stdlib-common-1.6.21.jar;C:\Users\Аркадий\.gradle\caches\modules-2\files-2.1\org.jetbrains\annotations\13.0\919f0dfe192fb4e063e7dacadee7f8bb9a2672a9\annotations-13.0.jar
Launcher Type: SUN_STANDARD

[Global flags]
     intx CICompilerCount                          = 4                                         {product} {ergonomic}
     uint ConcGCThreads                            = 2                                         {product} {ergonomic}
     uint G1ConcRefinementThreads                  = 8                                         {product} {ergonomic}
   size_t G1HeapRegionSize                         = 1048576                                   {product} {ergonomic}
    uintx GCDrainStackTargetSize                   = 64                                        {product} {ergonomic}
   size_t InitialHeapSize                          = 132120576                                 {product} {ergonomic}
   size_t MarkStackSize                            = 4194304                                   {product} {ergonomic}
   size_t MaxHeapSize                              = 2097152000                                {product} {ergonomic}
   size_t MaxNewSize                               = 1258291200                                {product} {ergonomic}
   size_t MinHeapDeltaBytes                        = 1048576                                   {product} {ergonomic}
    uintx NonNMethodCodeHeapSize                   = 5836300                                {pd product} {ergonomic}
    uintx NonProfiledCodeHeapSize                  = 122910970                              {pd product} {ergonomic}
    uintx ProfiledCodeHeapSize                     = 122910970                              {pd product} {ergonomic}
    uintx ReservedCodeCacheSize                    = 251658240                              {pd product} {ergonomic}
     bool SegmentedCodeCache                       = true                                      {product} {ergonomic}
     bool UseCompressedClassPointers               = true                                 {lp64_product} {ergonomic}
     bool UseCompressedOops                        = true                                 {lp64_product} {ergonomic}
     bool UseG1GC                                  = true                                      {product} {ergonomic}
     bool UseLargePagesIndividualAllocation        = false                                  {pd product} {ergonomic}

Logging:
Log output configuration:
 #0: stdout all=warning uptime,level,tags
 #1: stderr all=off uptime,level,tags

Environment Variables:
PATH=C:\Program Files (x86)\Common Files\Oracle\Java\javapath;C:\Windows\system32;C:\Windows;C:\Windows\System32\Wbem;C:\Windows\System32\WindowsPowerShell\v1.0\;C:\Windows\System32\OpenSSH\;C:\Program Files (x86)\NVIDIA Corporation\PhysX\Common;C:\Program Files\NVIDIA Corporation\NVIDIA NvDLISR;C:\WINDOWS\system32;C:\WINDOWS;C:\WINDOWS\System32\Wbem;C:\WINDOWS\System32\WindowsPowerShell\v1.0\;C:\WINDOWS\System32\OpenSSH\;C:\Program Files\Git\cmd;C:\Users\Аркадий\AppData\Local\Microsoft\WindowsApps;
USERNAME=Аркадий
OS=Windows_NT
PROCESSOR_IDENTIFIER=Intel64 Family 6 Model 126 Stepping 5, GenuineIntel



---------------  S Y S T E M  ---------------

OS: Windows 10 , 64 bit Build 22000 (10.0.22000.675)
OS uptime: 20 days 2:46 hours

CPU:total 8 (initial active 8) (4 cores per cpu, 2 threads per core) family 6 model 126 stepping 5 microcode 0xa6, cmov, cx8, fxsr, mmx, sse, sse2, sse3, ssse3, sse4.1, sse4.2, popcnt, avx, avx2, aes, clmul, erms, 3dnowpref, lzcnt, ht, tsc, tscinvbit, bmi1, bmi2, adx, evex, sha, fma

Memory: 4k page, system-wide physical 7997M (182M free)
TotalPageFile size 32573M (AvailPageFile size 5M)
current process WorkingSet (physical memory assigned to process): 145M, peak: 145M
current process commit charge ("private bytes"): 260M, peak: 262M

vm_info: OpenJDK 64-Bit Server VM (11.0.11+9-b60-7590822) for windows-amd64 JRE (11.0.11+9-b60-7590822), built on Jul 29 2021 21:43:44 by "builder" with MS VC++ 14.0 (VS2015)

END.
